2022-12-12 14:49:42,293 INFO Рабатаю со страницей - 1
2022-12-12 14:49:42,756 INFO Рабатаю с ссылкой - https://bugaga.ru/interesting/1146784533-japonskij-hudozhnik-prevraschaet-kultovye-internet-memy-s-zhivotnymi-v-skulptury.html
2022-12-12 14:49:43,262 INFO Рабатаю с ссылкой - https://bugaga.ru/interesting/1146784533-japonskij-hudozhnik-prevraschaet-kultovye-internet-memy-s-zhivotnymi-v-skulptury.html
2022-12-12 14:49:43,688 INFO Рабатаю с ссылкой - https://bugaga.ru/interesting/1146784130-novye-memnye-kotiki-ot-catwheezie.html
2022-12-12 14:49:44,152 INFO Рабатаю с ссылкой - https://bugaga.ru/interesting/1146784130-novye-memnye-kotiki-ot-catwheezie.html
2022-12-12 14:49:44,635 INFO Рабатаю с ссылкой - https://bugaga.ru/interesting/1146784130-novye-memnye-kotiki-ot-catwheezie.html
2022-12-12 14:49:45,111 INFO Рабатаю с ссылкой - https://bugaga.ru/jokes/1146784023-prikolnye-memy-na-bugage.html
2022-12-12 14:49:45,603 INFO Рабатаю с ссылкой - https://bugaga.ru/interesting/1146780917-izvestnye-memy-v-mnogokvartirnom-dome.html
2022-12-12 14:49:46,045 INFO Рабатаю с ссылкой - https://bugaga.ru/interesting/1146779829-internet-memy-kotorye-mozhno-potrogat-rukami.html
2022-12-12 14:49:46,527 INFO Рабатаю с ссылкой - https://bugaga.ru/interesting/1146779829-internet-memy-kotorye-mozhno-potrogat-rukami.html
2022-12-12 14:49:47,099 INFO Рабатаю с ссылкой - https://bugaga.ru/interesting/1146779829-internet-memy-kotorye-mozhno-potrogat-rukami.html
2022-12-12 14:49:47,504 INFO Рабатаю с ссылкой - https://bugaga.ru/jokes/1146779821-nemnogo-memov-9-foto.html
2022-12-12 14:49:47,985 INFO Рабатаю с ссылкой - https://bugaga.ru/jokes/1146779786-mart-2020-vs-mart-2021.html
2022-12-12 14:49:48,459 INFO Рабатаю с ссылкой - https://bugaga.ru/jokes/1146779361-fotomemy-dlja-horoshego-nastroenija.html
2022-12-12 14:49:48,929 INFO Рабатаю с ссылкой - https://bugaga.ru/pictures/1146779261-kak-izmenilis-so-vremenem-geroi-populjarnyh-memov.html
2022-12-12 14:49:49,447 INFO Рабатаю с ссылкой - https://bugaga.ru/interesting/1146779260-populjarnye-memy-s-koshkami-v-vide-zabavnyh-minimalistichnyh-illjustracij.html
2022-12-12 14:49:49,905 INFO Рабатаю с ссылкой - https://bugaga.ru/interesting/1146779260-populjarnye-memy-s-koshkami-v-vide-zabavnyh-minimalistichnyh-illjustracij.html
2022-12-12 14:49:50,497 INFO Рабатаю с ссылкой - https://bugaga.ru/jokes/1146779210-novogodnie-kartinki.html
2022-12-12 14:49:50,946 INFO Рабатаю с ссылкой - https://bugaga.ru/ahumor/1146779056-prikolnye-kartinki-s-poshlinkoj.html
2022-12-12 14:49:51,432 INFO Рабатаю с ссылкой - https://bugaga.ru/interesting/1146778782-esli-by-2020-byl.html
2022-12-12 14:49:51,901 INFO Рабатаю с ссылкой - https://bugaga.ru/pictures/1146778736-memy-v-stile-drevnih-japonskih-gravjur.html
2022-12-12 14:49:52,338 INFO Рабатаю с ссылкой - https://bugaga.ru/pictures/1146778732-memnye-kotiki-ot-catwheezie.html
2022-12-12 14:49:52,770 INFO Рабатаю с ссылкой - https://bugaga.ru/pictures/1146778732-memnye-kotiki-ot-catwheezie.html
2022-12-12 14:49:53,277 INFO Рабатаю с ссылкой - https://bugaga.ru/pictures/1146778440-populjarnye-memy-s-koshkami.html
2022-12-12 14:49:53,767 INFO Рабатаю с ссылкой - https://bugaga.ru/pictures/1146778440-populjarnye-memy-s-koshkami.html
2022-12-12 14:49:54,246 INFO Рабатаю с ссылкой - https://bugaga.ru/pictures/1146778440-populjarnye-memy-s-koshkami.html
2022-12-12 14:49:54,739 INFO Рабатаю с ссылкой - https://bugaga.ru/interesting/1146777820-100-dnevnyj-art-chellendzh.html
2022-12-12 14:49:55,203 INFO Рабатаю с ссылкой - https://bugaga.ru/interesting/1146777820-100-dnevnyj-art-chellendzh.html
2022-12-12 14:49:55,670 INFO Рабатаю с ссылкой - https://bugaga.ru/jokes/1146777620-riz-uizerspun-zapustila-mem-reesechallenge.html
2022-12-12 14:49:56,144 INFO Рабатаю с ссылкой - https://bugaga.ru/pictures/1146777557-esche-33-populjarnye-v-internete-fotografii-s-koshkami-pererisovannye-hudozhnicej-watercatlor.html
2022-12-12 14:49:56,671 INFO Рабатаю с ссылкой - https://bugaga.ru/pictures/1146777557-esche-33-populjarnye-v-internete-fotografii-s-koshkami-pererisovannye-hudozhnicej-watercatlor.html
2022-12-12 14:49:57,106 INFO Рабатаю с ссылкой - https://bugaga.ru/interesting/1146777202-prihodite-k-nam.html
2022-12-12 14:49:57,121 ERROR проблемма с запросом на страницу мемов
2022-12-12 14:49:57,651 INFO Рабатаю со страницей - 2
2022-12-12 14:49:58,150 INFO Рабатаю с ссылкой - https://bugaga.ru/pictures/1146777116-akvarelnye-versii-populjarnyh-fotografij-s-koshkami.html
2022-12-12 14:49:58,664 INFO Рабатаю с ссылкой - https://bugaga.ru/pictures/1146777116-akvarelnye-versii-populjarnyh-fotografij-s-koshkami.html
2022-12-12 14:49:59,074 INFO Рабатаю с ссылкой - https://bugaga.ru/jokes/1146775919-kakimi-stali-geroi-memov.html
2022-12-12 14:49:59,466 INFO Рабатаю с ссылкой - https://bugaga.ru/jokes/1146774629-baby-yoda-cat.html
2022-12-12 14:49:59,847 INFO Рабатаю с ссылкой - https://bugaga.ru/jokes/1146773145-nakonec-to-vse-projasnilos.html
2022-12-12 14:50:00,341 INFO Рабатаю с ссылкой - https://bugaga.ru/pictures/1146772825-hudozhnica-pererisovyvaet-samye-izvestnye-i-smeshnye-fotografii-s-koshkami.html
