2022-12-13 14:02:37,400 - [INFO] - root - (zaebov_net.py).zaebovnet_pars(29) - Рабатаю со страницей - 1
2022-12-13 14:02:37,856 - [INFO] - root - (zaebov_net.py).zaebovnet_pars(42) - Рабатаю с набором мемов - Самые смешные мемы к 8 марта 2022 года
2022-12-13 14:02:37,867 - [ERROR] - root - (zaebov_net.py).zaebovnet_pars(61) - Проблеммы с отдельным изображением - 'NoneType' object has no attribute 'get'
2022-12-13 14:02:38,307 - [INFO] - root - (zaebov_net.py).zaebovnet_pars(42) - Рабатаю с набором мемов - Мартовские демотиваторы со смешными котами
2022-12-13 14:02:38,318 - [ERROR] - root - (zaebov_net.py).zaebovnet_pars(61) - Проблеммы с отдельным изображением - 'NoneType' object has no attribute 'get'
2022-12-13 14:02:38,737 - [INFO] - root - (zaebov_net.py).zaebovnet_pars(42) - Рабатаю с набором мемов - Самые смешные фото женщин из социальных сетей
2022-12-13 14:02:38,748 - [ERROR] - root - (zaebov_net.py).zaebovnet_pars(61) - Проблеммы с отдельным изображением - 'NoneType' object has no attribute 'get'
2022-12-13 14:02:39,186 - [INFO] - root - (zaebov_net.py).zaebovnet_pars(42) - Рабатаю с набором мемов - Смешные картинки и анекдоты 18+
2022-12-13 14:02:39,197 - [ERROR] - root - (zaebov_net.py).zaebovnet_pars(61) - Проблеммы с отдельным изображением - 'NoneType' object has no attribute 'get'
2022-12-13 14:02:39,605 - [INFO] - root - (zaebov_net.py).zaebovnet_pars(42) - Рабатаю с набором мемов - Фото приколы смешные с надписями
2022-12-13 14:02:39,616 - [ERROR] - root - (zaebov_net.py).zaebovnet_pars(61) - Проблеммы с отдельным изображением - 'NoneType' object has no attribute 'get'
2022-12-13 14:02:40,040 - [INFO] - root - (zaebov_net.py).zaebovnet_pars(42) - Рабатаю с набором мемов - Фото приколы смешные до слез
2022-12-13 14:02:40,050 - [ERROR] - root - (zaebov_net.py).zaebovnet_pars(61) - Проблеммы с отдельным изображением - 'NoneType' object has no attribute 'get'
2022-12-13 14:02:40,478 - [INFO] - root - (zaebov_net.py).zaebovnet_pars(42) - Рабатаю с набором мемов - Топ мемов с Тони Старком
2022-12-13 14:02:40,492 - [ERROR] - root - (zaebov_net.py).zaebovnet_pars(61) - Проблеммы с отдельным изображением - 'NoneType' object has no attribute 'get'
2022-12-13 14:02:40,943 - [INFO] - root - (zaebov_net.py).zaebovnet_pars(42) - Рабатаю с набором мемов - Прикольные мемы "Большой и маленький"
2022-12-13 14:02:40,955 - [ERROR] - root - (zaebov_net.py).zaebovnet_pars(61) - Проблеммы с отдельным изображением - 'NoneType' object has no attribute 'get'
2022-12-13 14:02:41,405 - [INFO] - root - (zaebov_net.py).zaebovnet_pars(42) - Рабатаю с набором мемов - 30 смешных приколов про кофе
2022-12-13 14:02:41,417 - [ERROR] - root - (zaebov_net.py).zaebovnet_pars(61) - Проблеммы с отдельным изображением - 'NoneType' object has no attribute 'get'
2022-12-13 14:02:41,881 - [INFO] - root - (zaebov_net.py).zaebovnet_pars(42) - Рабатаю с набором мемов - Фотоприколы и мемы про Адидас (Adidas)
2022-12-13 14:02:41,898 - [ERROR] - root - (zaebov_net.py).zaebovnet_pars(61) - Проблеммы с отдельным изображением - 'NoneType' object has no attribute 'get'
2022-12-13 14:02:41,898 - [ERROR] - root - (zaebov_net.py).zaebovnet_pars(61) - Проблеммы с отдельным изображением - 'NoneType' object has no attribute 'get'
2022-12-13 14:02:41,898 - [ERROR] - root - (zaebov_net.py).zaebovnet_pars(61) - Проблеммы с отдельным изображением - 'NoneType' object has no attribute 'get'
2022-12-13 14:02:41,899 - [ERROR] - root - (zaebov_net.py).zaebovnet_pars(61) - Проблеммы с отдельным изображением - 'NoneType' object has no attribute 'get'
2022-12-13 14:02:41,899 - [ERROR] - root - (zaebov_net.py).zaebovnet_pars(61) - Проблеммы с отдельным изображением - 'NoneType' object has no attribute 'get'
2022-12-13 14:02:41,899 - [ERROR] - root - (zaebov_net.py).zaebovnet_pars(61) - Проблеммы с отдельным изображением - 'NoneType' object has no attribute 'get'
2022-12-13 14:02:41,899 - [ERROR] - root - (zaebov_net.py).zaebovnet_pars(61) - Проблеммы с отдельным изображением - 'NoneType' object has no attribute 'get'
2022-12-13 14:02:41,899 - [ERROR] - root - (zaebov_net.py).zaebovnet_pars(61) - Проблеммы с отдельным изображением - 'NoneType' object has no attribute 'get'
2022-12-13 14:02:41,899 - [ERROR] - root - (zaebov_net.py).zaebovnet_pars(61) - Проблеммы с отдельным изображением - 'NoneType' object has no attribute 'get'
2022-12-13 14:02:41,899 - [ERROR] - root - (zaebov_net.py).zaebovnet_pars(61) - Проблеммы с отдельным изображением - 'NoneType' object has no attribute 'get'
2022-12-13 14:02:41,899 - [ERROR] - root - (zaebov_net.py).zaebovnet_pars(61) - Проблеммы с отдельным изображением - 'NoneType' object has no attribute 'get'
2022-12-13 14:02:41,900 - [ERROR] - root - (zaebov_net.py).zaebovnet_pars(61) - Проблеммы с отдельным изображением - 'NoneType' object has no attribute 'get'
2022-12-13 14:02:42,326 - [INFO] - root - (zaebov_net.py).zaebovnet_pars(42) - Рабатаю с набором мемов - Фотоприколы с юмором про мужчин к 23 февраля 2022
2022-12-13 14:02:42,337 - [ERROR] - root - (zaebov_net.py).zaebovnet_pars(61) - Проблеммы с отдельным изображением - 'NoneType' object has no attribute 'get'
2022-12-13 14:02:42,337 - [ERROR] - root - (zaebov_net.py).zaebovnet_pars(61) - Проблеммы с отдельным изображением - 'NoneType' object has no attribute 'get'
2022-12-13 14:02:42,338 - [ERROR] - root - (zaebov_net.py).zaebovnet_pars(61) - Проблеммы с отдельным изображением - 'NoneType' object has no attribute 'get'
2022-12-13 14:02:42,338 - [ERROR] - root - (zaebov_net.py).zaebovnet_pars(61) - Проблеммы с отдельным изображением - 'NoneType' object has no attribute 'get'
2022-12-13 14:02:42,769 - [INFO] - root - (zaebov_net.py).zaebovnet_pars(42) - Рабатаю с набором мемов - Приколы и демотиваторы про русскую столовую
2022-12-13 14:02:42,783 - [ERROR] - root - (zaebov_net.py).zaebovnet_pars(61) - Проблеммы с отдельным изображением - 'NoneType' object has no attribute 'get'
2022-12-13 14:02:43,204 - [INFO] - root - (zaebov_net.py).zaebovnet_pars(42) - Рабатаю с набором мемов - 30 ржачных фото и переписок про Яжмать
2022-12-13 14:02:43,215 - [ERROR] - root - (zaebov_net.py).zaebovnet_pars(61) - Проблеммы с отдельным изображением - 'NoneType' object has no attribute 'get'
2022-12-13 14:02:43,658 - [INFO] - root - (zaebov_net.py).zaebovnet_pars(42) - Рабатаю с набором мемов - 20 смешных фото приколов про той-терьеров
2022-12-13 14:02:43,686 - [ERROR] - root - (zaebov_net.py).zaebovnet_pars(61) - Проблеммы с отдельным изображением - 'NoneType' object has no attribute 'get'
2022-12-13 14:02:44,130 - [INFO] - root - (zaebov_net.py).zaebovnet_pars(42) - Рабатаю с набором мемов - 20 странных приколов с надписями про Свинку Пеппу
2022-12-13 14:02:44,148 - [ERROR] - root - (zaebov_net.py).zaebovnet_pars(61) - Проблеммы с отдельным изображением - 'NoneType' object has no attribute 'get'
2022-12-13 14:02:44,583 - [INFO] - root - (zaebov_net.py).zaebovnet_pars(42) - Рабатаю с набором мемов - Весна пришла! 30 фото приколов про тающий снег
2022-12-13 14:02:44,593 - [ERROR] - root - (zaebov_net.py).zaebovnet_pars(61) - Проблеммы с отдельным изображением - 'NoneType' object has no attribute 'get'
2022-12-13 14:02:44,594 - [ERROR] - root - (zaebov_net.py).zaebovnet_pars(61) - Проблеммы с отдельным изображением - 'NoneType' object has no attribute 'get'
2022-12-13 14:02:44,594 - [ERROR] - root - (zaebov_net.py).zaebovnet_pars(61) - Проблеммы с отдельным изображением - 'NoneType' object has no attribute 'get'
2022-12-13 14:02:44,594 - [ERROR] - root - (zaebov_net.py).zaebovnet_pars(61) - Проблеммы с отдельным изображением - 'NoneType' object has no attribute 'get'
2022-12-13 14:02:44,594 - [ERROR] - root - (zaebov_net.py).zaebovnet_pars(61) - Проблеммы с отдельным изображением - 'NoneType' object has no attribute 'get'
2022-12-13 14:02:44,594 - [ERROR] - root - (zaebov_net.py).zaebovnet_pars(61) - Проблеммы с отдельным изображением - 'NoneType' object has no attribute 'get'
2022-12-13 14:02:44,594 - [ERROR] - root - (zaebov_net.py).zaebovnet_pars(61) - Проблеммы с отдельным изображением - 'NoneType' object has no attribute 'get'
2022-12-13 14:02:45,036 - [INFO] - root - (zaebov_net.py).zaebovnet_pars(42) - Рабатаю с набором мемов - Смешные фото приколы про Новосибирск
2022-12-13 14:02:45,047 - [ERROR] - root - (zaebov_net.py).zaebovnet_pars(61) - Проблеммы с отдельным изображением - 'NoneType' object has no attribute 'get'
2022-12-13 14:02:45,518 - [INFO] - root - (zaebov_net.py).zaebovnet_pars(42) - Рабатаю с набором мемов - Техника безопасности? - Нет, не слыхали!
2022-12-13 14:02:45,527 - [ERROR] - root - (zaebov_net.py).zaebovnet_pars(61) - Проблеммы с отдельным изображением - 'NoneType' object has no attribute 'get'
2022-12-13 14:02:45,993 - [INFO] - root - (zaebov_net.py).zaebovnet_pars(29) - Рабатаю со страницей - 2
2022-12-13 14:02:46,443 - [INFO] - root - (zaebov_net.py).zaebovnet_pars(42) - Рабатаю с набором мемов - 20 прикольных фото с милыми щенками
2022-12-13 14:02:46,454 - [ERROR] - root - (zaebov_net.py).zaebovnet_pars(61) - Проблеммы с отдельным изображением - 'NoneType' object has no attribute 'get'
2022-12-13 14:02:46,454 - [ERROR] - root - (zaebov_net.py).zaebovnet_pars(61) - Проблеммы с отдельным изображением - 'NoneType' object has no attribute 'get'
2022-12-13 14:02:46,454 - [ERROR] - root - (zaebov_net.py).zaebovnet_pars(61) - Проблеммы с отдельным изображением - 'NoneType' object has no attribute 'get'
2022-12-13 14:02:46,454 - [ERROR] - root - (zaebov_net.py).zaebovnet_pars(61) - Проблеммы с отдельным изображением - 'NoneType' object has no attribute 'get'
2022-12-13 14:02:46,454 - [ERROR] - root - (zaebov_net.py).zaebovnet_pars(61) - Проблеммы с отдельным изображением - 'NoneType' object has no attribute 'get'
2022-12-13 14:02:46,454 - [ERROR] - root - (zaebov_net.py).zaebovnet_pars(61) - Проблеммы с отдельным изображением - 'NoneType' object has no attribute 'get'
2022-12-13 14:02:46,455 - [ERROR] - root - (zaebov_net.py).zaebovnet_pars(61) - Проблеммы с отдельным изображением - 'NoneType' object has no attribute 'get'
2022-12-13 14:02:46,455 - [ERROR] - root - (zaebov_net.py).zaebovnet_pars(61) - Проблеммы с отдельным изображением - 'NoneType' object has no attribute 'get'
2022-12-13 14:02:46,455 - [ERROR] - root - (zaebov_net.py).zaebovnet_pars(61) - Проблеммы с отдельным изображением - 'NoneType' object has no attribute 'get'
2022-12-13 14:02:46,455 - [ERROR] - root - (zaebov_net.py).zaebovnet_pars(61) - Проблеммы с отдельным изображением - 'NoneType' object has no attribute 'get'
2022-12-13 14:02:46,455 - [ERROR] - root - (zaebov_net.py).zaebovnet_pars(61) - Проблеммы с отдельным изображением - 'NoneType' object has no attribute 'get'
2022-12-13 14:02:46,918 - [INFO] - root - (zaebov_net.py).zaebovnet_pars(42) - Рабатаю с набором мемов - Смешные до слёз приколы про котов
2022-12-13 14:02:46,930 - [ERROR] - root - (zaebov_net.py).zaebovnet_pars(61) - Проблеммы с отдельным изображением - 'NoneType' object has no attribute 'get'
2022-12-13 14:02:47,387 - [INFO] - root - (zaebov_net.py).zaebovnet_pars(42) - Рабатаю с набором мемов - 18 ржачных комиксов для девушек
2022-12-13 14:02:47,399 - [ERROR] - root - (zaebov_net.py).zaebovnet_pars(61) - Проблеммы с отдельным изображением - 'NoneType' object has no attribute 'get'
2022-12-13 14:02:47,826 - [INFO] - root - (zaebov_net.py).zaebovnet_pars(42) - Рабатаю с набором мемов - Фото приколы про снег в Москве
2022-12-13 14:02:47,837 - [ERROR] - root - (zaebov_net.py).zaebovnet_pars(61) - Проблеммы с отдельным изображением - 'NoneType' object has no attribute 'get'
2022-12-13 14:02:48,271 - [INFO] - root - (zaebov_net.py).zaebovnet_pars(42) - Рабатаю с набором мемов - 22 смешных фото прикола
2022-12-13 14:02:48,283 - [ERROR] - root - (zaebov_net.py).zaebovnet_pars(61) - Проблеммы с отдельным изображением - 'NoneType' object has no attribute 'get'
2022-12-13 14:02:48,688 - [INFO] - root - (zaebov_net.py).zaebovnet_pars(42) - Рабатаю с набором мемов - 11 смешных мемов про влюбленные парочки
2022-12-13 14:02:48,699 - [ERROR] - root - (zaebov_net.py).zaebovnet_pars(61) - Проблеммы с отдельным изображением - 'NoneType' object has no attribute 'get'
2022-12-13 14:02:49,105 - [INFO] - root - (zaebov_net.py).zaebovnet_pars(42) - Рабатаю с набором мемов - 40 смешных мемов про школу. Приколы с мемами про школу.
2022-12-13 14:02:49,122 - [ERROR] - root - (zaebov_net.py).zaebovnet_pars(61) - Проблеммы с отдельным изображением - 'NoneType' object has no attribute 'get'
2022-12-13 14:02:49,549 - [INFO] - root - (zaebov_net.py).zaebovnet_pars(42) - Рабатаю с набором мемов - Прикольные фото на тему: сумасшедшие влюбленные
2022-12-13 14:02:49,559 - [ERROR] - root - (zaebov_net.py).zaebovnet_pars(61) - Проблеммы с отдельным изображением - 'NoneType' object has no attribute 'get'
2022-12-13 14:02:50,016 - [INFO] - root - (zaebov_net.py).zaebovnet_pars(42) - Рабатаю с набором мемов - Смешные фото: малыши за едой. Подборка забавных снимков.
2022-12-13 14:02:50,028 - [ERROR] - root - (zaebov_net.py).zaebovnet_pars(61) - Проблеммы с отдельным изображением - 'NoneType' object has no attribute 'get'
2022-12-13 14:02:50,471 - [INFO] - root - (zaebov_net.py).zaebovnet_pars(42) - Рабатаю с набором мемов - Смешные шутки, прикольные демотиваторы и мемы: 57 порций юмора!
2022-12-13 14:02:50,505 - [ERROR] - root - (zaebov_net.py).zaebovnet_pars(61) - Проблеммы с отдельным изображением - 'NoneType' object has no attribute 'get'
2022-12-13 14:02:50,945 - [INFO] - root - (zaebov_net.py).zaebovnet_pars(42) - Рабатаю с набором мемов - 35 ржачных фото приколов про 14 февраля 2022
2022-12-13 14:02:50,955 - [ERROR] - root - (zaebov_net.py).zaebovnet_pars(61) - Проблеммы с отдельным изображением - 'NoneType' object has no attribute 'get'
2022-12-13 14:02:51,437 - [INFO] - root - (zaebov_net.py).zaebovnet_pars(42) - Рабатаю с набором мемов - Чудные американцы в Wallmart: подборка смешных фото
2022-12-13 14:02:51,448 - [ERROR] - root - (zaebov_net.py).zaebovnet_pars(61) - Проблеммы с отдельным изображением - 'NoneType' object has no attribute 'get'
2022-12-13 14:02:51,967 - [INFO] - root - (zaebov_net.py).zaebovnet_pars(42) - Рабатаю с набором мемов - Дети и их друзья домашние животные: забавные фото
2022-12-13 14:02:51,977 - [ERROR] - root - (zaebov_net.py).zaebovnet_pars(61) - Проблеммы с отдельным изображением - 'NoneType' object has no attribute 'get'
2022-12-13 14:02:52,420 - [INFO] - root - (zaebov_net.py).zaebovnet_pars(42) - Рабатаю с набором мемов - Смешные картинки про мороз и зиму 2022 года
2022-12-13 14:02:52,446 - [ERROR] - root - (zaebov_net.py).zaebovnet_pars(61) - Проблеммы с отдельным изображением - 'NoneType' object has no attribute 'get'
2022-12-13 14:02:52,901 - [INFO] - root - (zaebov_net.py).zaebovnet_pars(42) - Рабатаю с набором мемов - С Крещением 2022: прикольные и смешные фото
2022-12-13 14:02:52,911 - [ERROR] - root - (zaebov_net.py).zaebovnet_pars(61) - Проблеммы с отдельным изображением - 'NoneType' object has no attribute 'get'
2022-12-13 14:02:53,379 - [INFO] - root - (zaebov_net.py).zaebovnet_pars(42) - Рабатаю с набором мемов - Море, солнце, помечтаем! Подборка смешных фото.
2022-12-13 14:02:53,408 - [ERROR] - root - (zaebov_net.py).zaebovnet_pars(61) - Проблеммы с отдельным изображением - 'NoneType' object has no attribute 'get'
2022-12-13 14:02:53,879 - [INFO] - root - (zaebov_net.py).zaebovnet_pars(42) - Рабатаю с набором мемов - Сумасшедшие картинки crazy
2022-12-13 14:02:53,891 - [ERROR] - root - (zaebov_net.py).zaebovnet_pars(61) - Проблеммы с отдельным изображением - 'NoneType' object has no attribute 'get'
2022-12-13 14:02:54,378 - [INFO] - root - (zaebov_net.py).zaebovnet_pars(42) - Рабатаю с набором мемов - Фото приколы про Ольгу Бузову
2022-12-13 14:02:54,389 - [ERROR] - root - (zaebov_net.py).zaebovnet_pars(61) - Проблеммы с отдельным изображением - 'NoneType' object has no attribute 'get'
2022-12-13 14:02:54,834 - [INFO] - root - (zaebov_net.py).zaebovnet_pars(29) - Рабатаю со страницей - 3
2022-12-13 14:02:55,349 - [INFO] - root - (zaebov_net.py).zaebovnet_pars(42) - Рабатаю с набором мемов - Смешные фото с котиками
2022-12-13 14:02:55,825 - [INFO] - root - (zaebov_net.py).zaebovnet_pars(42) - Рабатаю с набором мемов - С новым годом 2022: подборка мемов, приколов и шуток
2022-12-13 14:02:55,839 - [ERROR] - root - (zaebov_net.py).zaebovnet_pars(61) - Проблеммы с отдельным изображением - 'NoneType' object has no attribute 'get'
2022-12-13 14:02:56,302 - [INFO] - root - (zaebov_net.py).zaebovnet_pars(42) - Рабатаю с набором мемов - Смешные картинки 2022 с прикольными надписями
2022-12-13 14:02:56,314 - [ERROR] - root - (zaebov_net.py).zaebovnet_pars(61) - Проблеммы с отдельным изображением - 'NoneType' object has no attribute 'get'
2022-12-13 14:02:56,821 - [INFO] - root - (zaebov_net.py).zaebovnet_pars(42) - Рабатаю с набором мемов - Фото приколы и демотиваторы про похмелье
2022-12-13 14:02:57,307 - [INFO] - root - (zaebov_net.py).zaebovnet_pars(42) - Рабатаю с набором мемов - Смешные костюмы на Новый год
2022-12-13 14:02:57,819 - [INFO] - root - (zaebov_net.py).zaebovnet_pars(42) - Рабатаю с набором мемов - Смешные фото королевы гламура
2022-12-13 14:02:58,304 - [INFO] - root - (zaebov_net.py).zaebovnet_pars(42) - Рабатаю с набором мемов - И смех и грех Фото приколы
2022-12-13 14:02:58,811 - [INFO] - root - (zaebov_net.py).zaebovnet_pars(42) - Рабатаю с набором мемов - Фото приколы про 2020 и 2021 год
2022-12-13 14:02:59,273 - [INFO] - root - (zaebov_net.py).zaebovnet_pars(42) - Рабатаю с набором мемов - Знаменитости которые умеют путешестовать во времени (16 фото)
2022-12-13 14:02:59,285 - [ERROR] - root - (zaebov_net.py).zaebovnet_pars(61) - Проблеммы с отдельным изображением - 'NoneType' object has no attribute 'get'
2022-12-13 14:02:59,285 - [ERROR] - root - (zaebov_net.py).zaebovnet_pars(61) - Проблеммы с отдельным изображением - 'NoneType' object has no attribute 'get'
2022-12-13 14:02:59,285 - [ERROR] - root - (zaebov_net.py).zaebovnet_pars(61) - Проблеммы с отдельным изображением - 'NoneType' object has no attribute 'get'
2022-12-13 14:02:59,285 - [ERROR] - root - (zaebov_net.py).zaebovnet_pars(61) - Проблеммы с отдельным изображением - 'NoneType' object has no attribute 'get'
2022-12-13 14:02:59,285 - [ERROR] - root - (zaebov_net.py).zaebovnet_pars(61) - Проблеммы с отдельным изображением - 'NoneType' object has no attribute 'get'
2022-12-13 14:02:59,286 - [ERROR] - root - (zaebov_net.py).zaebovnet_pars(61) - Проблеммы с отдельным изображением - 'NoneType' object has no attribute 'get'
2022-12-13 14:02:59,286 - [ERROR] - root - (zaebov_net.py).zaebovnet_pars(61) - Проблеммы с отдельным изображением - 'NoneType' object has no attribute 'get'
2022-12-13 14:02:59,286 - [ERROR] - root - (zaebov_net.py).zaebovnet_pars(61) - Проблеммы с отдельным изображением - 'NoneType' object has no attribute 'get'
2022-12-13 14:02:59,286 - [ERROR] - root - (zaebov_net.py).zaebovnet_pars(61) - Проблеммы с отдельным изображением - 'NoneType' object has no attribute 'get'
2022-12-13 14:02:59,286 - [ERROR] - root - (zaebov_net.py).zaebovnet_pars(61) - Проблеммы с отдельным изображением - 'NoneType' object has no attribute 'get'
2022-12-13 14:02:59,286 - [ERROR] - root - (zaebov_net.py).zaebovnet_pars(61) - Проблеммы с отдельным изображением - 'NoneType' object has no attribute 'get'
2022-12-13 14:02:59,286 - [ERROR] - root - (zaebov_net.py).zaebovnet_pars(61) - Проблеммы с отдельным изображением - 'NoneType' object has no attribute 'get'
2022-12-13 14:02:59,286 - [ERROR] - root - (zaebov_net.py).zaebovnet_pars(61) - Проблеммы с отдельным изображением - 'NoneType' object has no attribute 'get'
2022-12-13 14:02:59,286 - [ERROR] - root - (zaebov_net.py).zaebovnet_pars(61) - Проблеммы с отдельным изображением - 'NoneType' object has no attribute 'get'
2022-12-13 14:02:59,286 - [ERROR] - root - (zaebov_net.py).zaebovnet_pars(61) - Проблеммы с отдельным изображением - 'NoneType' object has no attribute 'get'
2022-12-13 14:02:59,287 - [ERROR] - root - (zaebov_net.py).zaebovnet_pars(61) - Проблеммы с отдельным изображением - 'NoneType' object has no attribute 'get'
2022-12-13 14:02:59,713 - [INFO] - root - (zaebov_net.py).zaebovnet_pars(42) - Рабатаю с набором мемов - Фото приколы про отцов и их детей (18 фото)
2022-12-13 14:03:00,213 - [INFO] - root - (zaebov_net.py).zaebovnet_pars(42) - Рабатаю с набором мемов - Прикольные совпадения в картинках (26 фото)
2022-12-13 14:03:00,223 - [ERROR] - root - (zaebov_net.py).zaebovnet_pars(61) - Проблеммы с отдельным изображением - 'NoneType' object has no attribute 'get'
2022-12-13 14:03:00,712 - [INFO] - root - (zaebov_net.py).zaebovnet_pars(42) - Рабатаю с набором мемов - Смешные «стишки-порошки»  в картинках (19 фото)
2022-12-13 14:03:01,281 - [INFO] - root - (zaebov_net.py).zaebovnet_pars(42) - Рабатаю с набором мемов - Жизненные стихи в картинках от Ирины Сазоновой (22 фото)
2022-12-13 14:03:01,844 - [INFO] - root - (zaebov_net.py).zaebovnet_pars(42) - Рабатаю с набором мемов - Прикольные стихи в картинках про глупых зайцов (12 фото)
2022-12-13 14:03:02,354 - [INFO] - root - (zaebov_net.py).zaebovnet_pars(42) - Рабатаю с набором мемов - Свежие фотоприколы про весну (26 фото)
2022-12-13 14:03:02,366 - [ERROR] - root - (zaebov_net.py).zaebovnet_pars(61) - Проблеммы с отдельным изображением - 'NoneType' object has no attribute 'get'
2022-12-13 14:03:02,846 - [INFO] - root - (zaebov_net.py).zaebovnet_pars(42) - Рабатаю с набором мемов - Лучшие приколы про парковку: свежая подборка 2022
2022-12-13 14:03:02,860 - [ERROR] - root - (zaebov_net.py).zaebovnet_pars(61) - Проблеммы с отдельным изображением - 'NoneType' object has no attribute 'get'
2022-12-13 14:03:03,346 - [INFO] - root - (zaebov_net.py).zaebovnet_pars(42) - Рабатаю с набором мемов - Свежие фотоприколы за февраль 2017 (25 фото)
2022-12-13 14:03:03,794 - [INFO] - root - (zaebov_net.py).zaebovnet_pars(42) - Рабатаю с набором мемов - Новые фотоприколы про блины и масленицу ( 45 фото)
2022-12-13 14:03:04,211 - [INFO] - root - (zaebov_net.py).zaebovnet_pars(29) - Рабатаю со страницей - 4
2022-12-13 14:03:04,753 - [INFO] - root - (zaebov_net.py).zaebovnet_pars(42) - Рабатаю с набором мемов - Самые новые, свежие фотоприколы про Петра Порошенко (40 фото)
2022-12-13 14:03:05,313 - [INFO] - root - (zaebov_net.py).zaebovnet_pars(42) - Рабатаю с набором мемов - Свежие прикольные фото на тему женщины за рулем (45 фото)
2022-12-13 14:03:05,694 - [INFO] - root - (zaebov_net.py).zaebovnet_pars(42) - Рабатаю с набором мемов - Большая подборка фото приколов про телефон нокиа 3310 ( 35 фото)
2022-12-13 14:03:06,095 - [INFO] - root - (zaebov_net.py).zaebovnet_pars(42) - Рабатаю с набором мемов - Новый картинки с надписями для вашего настроения (17 фото ) 2017 год
2022-12-13 14:03:06,553 - [INFO] - root - (zaebov_net.py).zaebovnet_pars(42) - Рабатаю с набором мемов - Фоторжака про все подрят поднимай свое настроение вместе с нами (18 фото)
2022-12-13 14:03:07,022 - [INFO] - root - (zaebov_net.py).zaebovnet_pars(42) - Рабатаю с набором мемов - Приключения мема грусная леса  (9 фото) Картинки с надписями
2022-12-13 14:03:07,446 - [INFO] - root - (zaebov_net.py).zaebovnet_pars(42) - Рабатаю с набором мемов - Свежая подборка прикольных картинок с надписями  2017 год
2022-12-13 14:03:07,860 - [INFO] - root - (zaebov_net.py).zaebovnet_pars(42) - Рабатаю с набором мемов - Свежя порция веселых перлов про Россию матушку и наш любимый народ (16 фото)
2022-12-13 14:03:08,348 - [INFO] - root - (zaebov_net.py).zaebovnet_pars(42) - Рабатаю с набором мемов - Горячий пак прикольных перлов про учебу в картинках
2022-12-13 14:03:08,775 - [INFO] - root - (zaebov_net.py).zaebovnet_pars(42) - Рабатаю с набором мемов - Свежая связка отборных картинок с надписями (14 фото)
2022-12-13 14:03:09,289 - [INFO] - root - (zaebov_net.py).zaebovnet_pars(42) - Рабатаю с набором мемов - Специально для вас свежие приколы в картинках
2022-12-13 14:03:09,782 - [INFO] - root - (zaebov_net.py).zaebovnet_pars(42) - Рабатаю с набором мемов - Свяжая порция смешных картинок с надписями от плохова настроения (21 фото)
2022-12-13 14:03:10,337 - [INFO] - root - (zaebov_net.py).zaebovnet_pars(42) - Рабатаю с набором мемов - Самый грустный мем 2022 года по имени Ждун ( 46 фото )
2022-12-13 14:03:10,354 - [ERROR] - root - (zaebov_net.py).zaebovnet_pars(61) - Проблеммы с отдельным изображением - 'NoneType' object has no attribute 'get'
2022-12-13 14:03:10,794 - [INFO] - root - (zaebov_net.py).zaebovnet_pars(42) - Рабатаю с набором мемов - Убойные приколы за февраль 2017 года!
2022-12-13 14:03:11,236 - [INFO] - root - (zaebov_net.py).zaebovnet_pars(42) - Рабатаю с набором мемов - Смешные и необычные скульптуры со всего света.
2022-12-13 14:03:11,728 - [INFO] - root - (zaebov_net.py).zaebovnet_pars(42) - Рабатаю с набором мемов - Приколы и мемы для влюбленных пар ко дню Святого Валентина
2022-12-13 14:03:12,155 - [INFO] - root - (zaebov_net.py).zaebovnet_pars(42) - Рабатаю с набором мемов - Свежие фото перлы про Русских и Россию
2022-12-13 14:03:12,587 - [INFO] - root - (zaebov_net.py).zaebovnet_pars(42) - Рабатаю с набором мемов - Прикольный картинки про Узбеков и Таджиков в России
2022-12-13 14:03:12,974 - [INFO] - root - (zaebov_net.py).zaebovnet_pars(29) - Рабатаю со страницей - 5
2022-12-13 14:03:13,445 - [INFO] - root - (zaebov_net.py).zaebovnet_pars(42) - Рабатаю с набором мемов - Фото приколы про лихие 90 или вспомним детство (20 фото)
2022-12-13 14:03:13,917 - [INFO] - root - (zaebov_net.py).zaebovnet_pars(42) - Рабатаю с набором мемов - Что нас ждет 1 - вого января во всех квартирах страны (25 фото)
2022-12-13 14:03:13,933 - [ERROR] - root - (zaebov_net.py).zaebovnet_pars(61) - Проблеммы с отдельным изображением - 'NoneType' object has no attribute 'get'
2022-12-13 14:03:14,372 - [INFO] - root - (zaebov_net.py).zaebovnet_pars(42) - Рабатаю с набором мемов - Свежие мозголамающие высказывания самого веселого политика Украины Витальки Кличко
2022-12-13 14:03:14,382 - [ERROR] - root - (zaebov_net.py).zaebovnet_pars(61) - Проблеммы с отдельным изображением - 'NoneType' object has no attribute 'get'
2022-12-13 14:03:14,786 - [INFO] - root - (zaebov_net.py).zaebovnet_pars(42) - Рабатаю с набором мемов - Позитив в картинках для пятничного настроения
2022-12-13 14:03:15,234 - [INFO] - root - (zaebov_net.py).zaebovnet_pars(42) - Рабатаю с набором мемов - Ляпы и маразмы на стройке
2022-12-13 14:03:15,643 - [INFO] - root - (zaebov_net.py).zaebovnet_pars(42) - Рабатаю с набором мемов - Модники из Московской подземки
2022-12-13 14:03:16,129 - [INFO] - root - (zaebov_net.py).zaebovnet_pars(42) - Рабатаю с набором мемов - Угарные фото мемы с надписями
2022-12-13 14:03:16,139 - [ERROR] - root - (zaebov_net.py).zaebovnet_pars(61) - Проблеммы с отдельным изображением - 'NoneType' object has no attribute 'get'
2022-12-13 14:03:16,524 - [INFO] - root - (zaebov_net.py).zaebovnet_pars(42) - Рабатаю с набором мемов - Свежие приколы про политику уходящего 2016 года
2022-12-13 14:03:16,535 - [ERROR] - root - (zaebov_net.py).zaebovnet_pars(61) - Проблеммы с отдельным изображением - 'NoneType' object has no attribute 'get'
2022-12-13 14:03:16,967 - [INFO] - root - (zaebov_net.py).zaebovnet_pars(42) - Рабатаю с набором мемов - Ржачные картинки с надписями часть 12
2022-12-13 14:03:16,978 - [ERROR] - root - (zaebov_net.py).zaebovnet_pars(61) - Проблеммы с отдельным изображением - 'NoneType' object has no attribute 'get'
2022-12-13 14:03:19,944 - [INFO] - root - (zaebov_net.py).zaebovnet_pars(42) - Рабатаю с набором мемов - Ржачные фото и картинки для отличного настроения в пятницу
2022-12-13 14:03:19,958 - [ERROR] - root - (zaebov_net.py).zaebovnet_pars(61) - Проблеммы с отдельным изображением - 'NoneType' object has no attribute 'get'
2022-12-13 14:03:20,410 - [INFO] - root - (zaebov_net.py).zaebovnet_pars(42) - Рабатаю с набором мемов - Фотошоп приколы про дружбу Путина и Трампа
2022-12-13 14:03:20,842 - [INFO] - root - (zaebov_net.py).zaebovnet_pars(42) - Рабатаю с набором мемов - Приколы про Хиллари Клинтон или как ее видет интернет пользоватили
2022-12-13 14:03:20,856 - [ERROR] - root - (zaebov_net.py).zaebovnet_pars(61) - Проблеммы с отдельным изображением - 'NoneType' object has no attribute 'get'
2022-12-13 14:03:21,262 - [INFO] - root - (zaebov_net.py).zaebovnet_pars(29) - Рабатаю со страницей - 6
2022-12-13 14:03:21,709 - [INFO] - root - (zaebov_net.py).zaebovnet_pars(42) - Рабатаю с набором мемов - Фото приколы Про Дональда Трампа и Его Прическу (25 фото)
2022-12-13 14:03:21,740 - [ERROR] - root - (zaebov_net.py).zaebovnet_pars(61) - Проблеммы с отдельным изображением - 'NoneType' object has no attribute 'get'
2022-12-13 14:03:22,140 - [INFO] - root - (zaebov_net.py).zaebovnet_pars(42) - Рабатаю с набором мемов - Ужастики из социальных сетей России
2022-12-13 14:03:22,598 - [INFO] - root - (zaebov_net.py).zaebovnet_pars(42) - Рабатаю с набором мемов - Ржачные и правдивые комиксы про детей и родителей
2022-12-13 14:03:23,035 - [INFO] - root - (zaebov_net.py).zaebovnet_pars(42) - Рабатаю с набором мемов - Уморительные картинки с прикольными надписями
2022-12-13 14:03:24,573 - [INFO] - root - (zaebov_net.py).zaebovnet_pars(42) - Рабатаю с набором мемов - Наступление сосулек на города России
2022-12-13 14:03:25,065 - [INFO] - root - (zaebov_net.py).zaebovnet_pars(42) - Рабатаю с набором мемов - Подборка ко дню автомобилиста!
2022-12-13 14:03:25,603 - [INFO] - root - (zaebov_net.py).zaebovnet_pars(42) - Рабатаю с набором мемов - Фанаты Гарри Поттера в обычной жизни
2022-12-13 14:03:26,038 - [INFO] - root - (zaebov_net.py).zaebovnet_pars(42) - Рабатаю с набором мемов - Приколы для взрослых 2022 год. 18+ Смешные картинки и приколы для взрослых.
2022-12-13 14:03:26,051 - [ERROR] - root - (zaebov_net.py).zaebovnet_pars(61) - Проблеммы с отдельным изображением - 'NoneType' object has no attribute 'get'
2022-12-13 14:03:26,534 - [INFO] - root - (zaebov_net.py).zaebovnet_pars(42) - Рабатаю с набором мемов - Странные фотки или странные люди
2022-12-13 14:03:27,034 - [INFO] - root - (zaebov_net.py).zaebovnet_pars(42) - Рабатаю с набором мемов - Блин, я же женат!  - сказал он и загрустил
2022-12-13 14:03:27,515 - [INFO] - root - (zaebov_net.py).zaebovnet_pars(42) - Рабатаю с набором мемов - Страсти из социальных сетей
2022-12-13 14:03:27,974 - [INFO] - root - (zaebov_net.py).zaebovnet_pars(42) - Рабатаю с набором мемов - Идиотиши из социальных сетей с комментариями
2022-12-13 14:03:28,394 - [INFO] - root - (zaebov_net.py).zaebovnet_pars(42) - Рабатаю с набором мемов - Прикольные комиксы с надписями из сериалов
2022-12-13 14:03:28,833 - [INFO] - root - (zaebov_net.py).zaebovnet_pars(42) - Рабатаю с набором мемов - Леонардо Ди Каприо в роли российских царей и политиков
2022-12-13 14:03:29,251 - [INFO] - root - (zaebov_net.py).zaebovnet_pars(42) - Рабатаю с набором мемов - Необычные и ржачные картинки
2022-12-13 14:03:29,693 - [INFO] - root - (zaebov_net.py).zaebovnet_pars(42) - Рабатаю с набором мемов - Позитивные картинки из разных уголков планеты
2022-12-13 14:03:30,138 - [INFO] - root - (zaebov_net.py).zaebovnet_pars(42) - Рабатаю с набором мемов - Когда получаешь заказ с Алиэкспресс. Ожидание / реальность
2022-12-13 14:03:30,601 - [INFO] - root - (zaebov_net.py).zaebovnet_pars(42) - Рабатаю с набором мемов - Прикольные картинки и фотки с надписями: подборка 2022
2022-12-13 14:03:30,615 - [ERROR] - root - (zaebov_net.py).zaebovnet_pars(61) - Проблеммы с отдельным изображением - 'NoneType' object has no attribute 'get'
2022-12-13 14:03:30,998 - [INFO] - root - (zaebov_net.py).zaebovnet_pars(29) - Рабатаю со страницей - 7
2022-12-13 14:03:31,390 - [INFO] - root - (zaebov_net.py).zaebovnet_pars(42) - Рабатаю с набором мемов - Горько! Свадебные фото приколы
2022-12-13 14:03:31,824 - [INFO] - root - (zaebov_net.py).zaebovnet_pars(42) - Рабатаю с набором мемов - Самые необычные места, где можно найти кота
2022-12-13 14:03:32,232 - [INFO] - root - (zaebov_net.py).zaebovnet_pars(42) - Рабатаю с набором мемов - Дружба между котами и детьми
2022-12-13 14:03:32,661 - [INFO] - root - (zaebov_net.py).zaebovnet_pars(42) - Рабатаю с набором мемов - Прикольные новые картинки
2022-12-13 14:03:33,108 - [INFO] - root - (zaebov_net.py).zaebovnet_pars(42) - Рабатаю с набором мемов - Забавные картинки и фото
2022-12-13 14:03:33,578 - [INFO] - root - (zaebov_net.py).zaebovnet_pars(42) - Рабатаю с набором мемов - Фото приколы на колесах
2022-12-13 14:03:33,987 - [INFO] - root - (zaebov_net.py).zaebovnet_pars(42) - Рабатаю с набором мемов - Забавные картинки и фото
2022-12-13 14:03:34,420 - [INFO] - root - (zaebov_net.py).zaebovnet_pars(42) - Рабатаю с набором мемов - Прикольные и смешные картинки на все случаи жизни
2022-12-13 14:03:34,859 - [INFO] - root - (zaebov_net.py).zaebovnet_pars(42) - Рабатаю с набором мемов - Забавные сходства звезд экрана и персонажей из мультфильмов
2022-12-13 14:03:35,308 - [INFO] - root - (zaebov_net.py).zaebovnet_pars(42) - Рабатаю с набором мемов - Ржачные до слез фото приколы по русски
2022-12-13 14:03:35,733 - [INFO] - root - (zaebov_net.py).zaebovnet_pars(42) - Рабатаю с набором мемов - Смешные до слез демотиваторы про русских
2022-12-13 14:03:36,261 - [INFO] - root - (zaebov_net.py).zaebovnet_pars(42) - Рабатаю с набором мемов - Ржачные до слез фото приколы, только свежак!
2022-12-13 14:03:36,744 - [INFO] - root - (zaebov_net.py).zaebovnet_pars(42) - Рабатаю с набором мемов - Правдивые комиксы о взрослой жизни и о человеке
2022-12-13 14:03:36,756 - [ERROR] - root - (zaebov_net.py).zaebovnet_pars(61) - Проблеммы с отдельным изображением - 'NoneType' object has no attribute 'get'
2022-12-13 14:03:37,204 - [INFO] - root - (zaebov_net.py).zaebovnet_pars(42) - Рабатаю с набором мемов - Смешные и новые комиксы
2022-12-13 14:03:37,614 - [INFO] - root - (zaebov_net.py).zaebovnet_pars(42) - Рабатаю с набором мемов - Позитивные и смешные фото приколы пятницы
2022-12-13 14:03:37,628 - [ERROR] - root - (zaebov_net.py).zaebovnet_pars(61) - Проблеммы с отдельным изображением - 'NoneType' object has no attribute 'get'
2022-12-13 14:03:38,028 - [INFO] - root - (zaebov_net.py).zaebovnet_pars(42) - Рабатаю с набором мемов - Когда встал не с той ноги
2022-12-13 14:03:38,478 - [INFO] - root - (zaebov_net.py).zaebovnet_pars(42) - Рабатаю с набором мемов - Смешные фото приколы про девушек без комплексов: подборка фото
2022-12-13 14:03:38,491 - [ERROR] - root - (zaebov_net.py).zaebovnet_pars(61) - Проблеммы с отдельным изображением - 'NoneType' object has no attribute 'get'
2022-12-13 14:03:38,899 - [INFO] - root - (zaebov_net.py).zaebovnet_pars(42) - Рабатаю с набором мемов - Фото приколы про осеннюю хандру
2022-12-13 14:03:39,270 - [INFO] - root - (zaebov_net.py).zaebovnet_pars(29) - Рабатаю со страницей - 8
2022-12-13 14:03:39,714 - [INFO] - root - (zaebov_net.py).zaebovnet_pars(42) - Рабатаю с набором мемов - Сентябрьская подборка фото приколов про мужиков
2022-12-13 14:03:40,107 - [INFO] - root - (zaebov_net.py).zaebovnet_pars(42) - Рабатаю с набором мемов - Коллекция смешных фото приколов с надписями
2022-12-13 14:03:40,529 - [INFO] - root - (zaebov_net.py).zaebovnet_pars(42) - Рабатаю с набором мемов - Фото приколы про взрывающийся Samsung Galaxy Note 7
2022-12-13 14:03:40,898 - [INFO] - root - (zaebov_net.py).zaebovnet_pars(42) - Рабатаю с набором мемов - Фрики из социальных сетей
2022-12-13 14:03:40,909 - [ERROR] - root - (zaebov_net.py).zaebovnet_pars(61) - Проблеммы с отдельным изображением - 'NoneType' object has no attribute 'get'
2022-12-13 14:03:41,478 - [INFO] - root - (zaebov_net.py).zaebovnet_pars(42) - Рабатаю с набором мемов - Политические комиксы Россия, США, Украина, Грузия. Ржака смотреть всем.
2022-12-13 14:03:41,904 - [INFO] - root - (zaebov_net.py).zaebovnet_pars(42) - Рабатаю с набором мемов - Старость не радость. Фото приколы про русскую пенсию и пенсионеров 2016г.
2022-12-13 14:03:42,335 - [INFO] - root - (zaebov_net.py).zaebovnet_pars(42) - Рабатаю с набором мемов - Свежие фото приколы про хоккей 2016г.
2022-12-13 14:03:42,804 - [INFO] - root - (zaebov_net.py).zaebovnet_pars(42) - Рабатаю с набором мемов - Персонажи из мультфильмов и их двойники  - реальные люди и звезды
2022-12-13 14:03:43,319 - [INFO] - root - (zaebov_net.py).zaebovnet_pars(42) - Рабатаю с набором мемов - Милые мимишные фото приколы про животных
2022-12-13 14:03:43,798 - [INFO] - root - (zaebov_net.py).zaebovnet_pars(42) - Рабатаю с набором мемов - Рисунки карандашом о наболевшем. Коллеги, которые бесят..
2022-12-13 14:03:44,249 - [INFO] - root - (zaebov_net.py).zaebovnet_pars(42) - Рабатаю с набором мемов - Смешные фото с надписями
2022-12-13 14:03:44,682 - [INFO] - root - (zaebov_net.py).zaebovnet_pars(42) - Рабатаю с набором мемов - Приколы и демотиваторы про работу
2022-12-13 14:03:45,127 - [INFO] - root - (zaebov_net.py).zaebovnet_pars(42) - Рабатаю с набором мемов - Азиатские фото приколы из Китая, Японии и Кореи
2022-12-13 14:03:45,553 - [INFO] - root - (zaebov_net.py).zaebovnet_pars(42) - Рабатаю с набором мемов - Мега РЖАЧА для вашего отличного сентября!
2022-12-13 14:03:46,024 - [INFO] - root - (zaebov_net.py).zaebovnet_pars(42) - Рабатаю с набором мемов - Ржачные фото приколы с надписями
2022-12-13 14:03:46,407 - [INFO] - root - (zaebov_net.py).zaebovnet_pars(42) - Рабатаю с набором мемов - Смешные и неожиданнаые селфи с телефонов
2022-12-13 14:03:46,830 - [INFO] - root - (zaebov_net.py).zaebovnet_pars(42) - Рабатаю с набором мемов - Веселые фото приколы
2022-12-13 14:03:47,231 - [INFO] - root - (zaebov_net.py).zaebovnet_pars(42) - Рабатаю с набором мемов - Пошлые фото приколы про девушек
2022-12-13 14:03:47,241 - [ERROR] - root - (zaebov_net.py).zaebovnet_pars(61) - Проблеммы с отдельным изображением - 'NoneType' object has no attribute 'get'
2022-12-13 14:03:47,618 - [INFO] - root - (zaebov_net.py).zaebovnet_pars(29) - Рабатаю со страницей - 9
2022-12-13 14:03:48,035 - [INFO] - root - (zaebov_net.py).zaebovnet_pars(42) - Рабатаю с набором мемов - Гуру фотошопа, которые хотят казаться мачо!
2022-12-13 14:03:48,494 - [INFO] - root - (zaebov_net.py).zaebovnet_pars(42) - Рабатаю с набором мемов - Настоящие имена звезд Российской эстрады
2022-12-13 14:03:48,938 - [INFO] - root - (zaebov_net.py).zaebovnet_pars(42) - Рабатаю с набором мемов - Ржачные фото приколы для хорошего настроения!
2022-12-13 14:03:49,358 - [INFO] - root - (zaebov_net.py).zaebovnet_pars(42) - Рабатаю с набором мемов - фото приколы с 1 сентября Вас родители и ученики!!!
2022-12-13 14:03:49,759 - [INFO] - root - (zaebov_net.py).zaebovnet_pars(42) - Рабатаю с набором мемов - Убойные свежие фото приколы августа 2016 года
2022-12-13 14:03:50,204 - [INFO] - root - (zaebov_net.py).zaebovnet_pars(42) - Рабатаю с набором мемов - Фотожаба на парня, преследующего Тейлор Свифт
2022-12-13 14:03:50,628 - [INFO] - root - (zaebov_net.py).zaebovnet_pars(42) - Рабатаю с набором мемов - Фото - приколы с пляжа в последний день лета.
2022-12-13 14:03:51,061 - [INFO] - root - (zaebov_net.py).zaebovnet_pars(42) - Рабатаю с набором мемов - Фото девушек-фриков  из социальных сетей
2022-12-13 14:03:51,072 - [ERROR] - root - (zaebov_net.py).zaebovnet_pars(61) - Проблеммы с отдельным изображением - 'NoneType' object has no attribute 'get'
2022-12-13 14:03:51,516 - [INFO] - root - (zaebov_net.py).zaebovnet_pars(42) - Рабатаю с набором мемов - Самые смешные и свежие фото приколы из Интернета
2022-12-13 14:03:52,014 - [INFO] - root - (zaebov_net.py).zaebovnet_pars(42) - Рабатаю с набором мемов - Как родители учат уроки вместо детей, фото приколы
2022-12-13 14:03:52,429 - [INFO] - root - (zaebov_net.py).zaebovnet_pars(42) - Рабатаю с набором мемов - Кто радуется 1 сентября? - Родители!!!
2022-12-13 14:03:52,863 - [INFO] - root - (zaebov_net.py).zaebovnet_pars(42) - Рабатаю с набором мемов - Стесняшки или нерешительные парни, фото приколы
2022-12-13 14:03:53,273 - [INFO] - root - (zaebov_net.py).zaebovnet_pars(42) - Рабатаю с набором мемов - Как российский полицейский стал героем фотошоперов
2022-12-13 14:03:53,661 - [INFO] - root - (zaebov_net.py).zaebovnet_pars(42) - Рабатаю с набором мемов - Позитивные и юморные фото - приколы четверга
2022-12-13 14:03:54,066 - [INFO] - root - (zaebov_net.py).zaebovnet_pars(42) - Рабатаю с набором мемов - Смешные фото приколы про Россию.
2022-12-13 14:03:54,511 - [INFO] - root - (zaebov_net.py).zaebovnet_pars(42) - Рабатаю с набором мемов - Фотобомберы, или любители испортить кадр
2022-12-13 14:03:54,958 - [INFO] - root - (zaebov_net.py).zaebovnet_pars(42) - Рабатаю с набором мемов - Летние фото приколы, лето не уходи!
2022-12-13 14:03:55,376 - [INFO] - root - (zaebov_net.py).zaebovnet_pars(42) - Рабатаю с набором мемов - Забавные картинки и фото приколы
2022-12-13 14:03:55,778 - [INFO] - root - (zaebov_net.py).zaebovnet_pars(29) - Рабатаю со страницей - 10
2022-12-13 14:03:56,223 - [INFO] - root - (zaebov_net.py).zaebovnet_pars(42) - Рабатаю с набором мемов - Смешные и милые котики
2022-12-13 14:03:56,703 - [INFO] - root - (zaebov_net.py).zaebovnet_pars(42) - Рабатаю с набором мемов - Идиотская смекалка
2022-12-13 14:03:57,174 - [INFO] - root - (zaebov_net.py).zaebovnet_pars(42) - Рабатаю с набором мемов - Коротко об олимпиаде в Рио 20016г, фото приколы.
2022-12-13 14:03:57,615 - [INFO] - root - (zaebov_net.py).zaebovnet_pars(42) - Рабатаю с набором мемов - Смешные и ржачные фото приколы с надписями для настроения!
2022-12-13 14:03:57,628 - [ERROR] - root - (zaebov_net.py).zaebovnet_pars(61) - Проблеммы с отдельным изображением - 'NoneType' object has no attribute 'get'
2022-12-13 14:03:58,053 - [INFO] - root - (zaebov_net.py).zaebovnet_pars(42) - Рабатаю с набором мемов - Веселые приколы четверга
2022-12-13 14:03:58,488 - [INFO] - root - (zaebov_net.py).zaebovnet_pars(42) - Рабатаю с набором мемов - Что ты знаешь об отчаянии, сынуля?))
2022-12-13 14:03:58,924 - [INFO] - root - (zaebov_net.py).zaebovnet_pars(42) - Рабатаю с набором мемов - Пилоты тоже шутят
2022-12-13 14:03:58,933 - [ERROR] - root - (zaebov_net.py).zaebovnet_pars(61) - Проблеммы с отдельным изображением - 'NoneType' object has no attribute 'get'
2022-12-13 14:03:59,545 - [INFO] - root - (zaebov_net.py).zaebovnet_pars(42) - Рабатаю с набором мемов - Остроумие россиян не знает границ!
2022-12-13 14:03:59,971 - [INFO] - root - (zaebov_net.py).zaebovnet_pars(42) - Рабатаю с набором мемов - Острая проблема для многих мужчин
2022-12-13 14:04:00,484 - [INFO] - root - (zaebov_net.py).zaebovnet_pars(42) - Рабатаю с набором мемов - Полная ржака, смс переписка с дизайнером логотипов
2022-12-13 14:04:00,912 - [INFO] - root - (zaebov_net.py).zaebovnet_pars(42) - Рабатаю с набором мемов - Зачетные девчонки на расслабоне
2022-12-13 14:04:01,431 - [INFO] - root - (zaebov_net.py).zaebovnet_pars(42) - Рабатаю с набором мемов - Подборка фото приколов про Путина, Обаму, Порошенко (28 фото) 17.01.2015
2022-12-13 14:04:01,929 - [INFO] - root - (zaebov_net.py).zaebovnet_pars(42) - Рабатаю с набором мемов - Подборка смешных фото приколов с Кличко (40 фото) 19.01.2015
2022-12-13 14:04:02,331 - [INFO] - root - (zaebov_net.py).zaebovnet_pars(42) - Рабатаю с набором мемов - Прикольные фото и позитивные картинки для настроения (21 июня 2016 г.)
2022-12-13 14:04:02,771 - [INFO] - root - (zaebov_net.py).zaebovnet_pars(42) - Рабатаю с набором мемов - Фото приколы с Русской свадьбы
2022-12-13 14:04:03,196 - [INFO] - root - (zaebov_net.py).zaebovnet_pars(42) - Рабатаю с набором мемов - Ржака и фото приколы из Дом 2
2022-12-13 14:04:03,639 - [INFO] - root - (zaebov_net.py).zaebovnet_pars(42) - Рабатаю с набором мемов - Фото приколы про дворников (15 фото) 07.07.2016г
2022-12-13 14:04:04,050 - [INFO] - root - (zaebov_net.py).zaebovnet_pars(42) - Рабатаю с набором мемов - Смешные до слез картинки и фото с надписямим
2022-12-13 14:04:04,451 - [INFO] - root - (zaebov_net.py).zaebovnet_pars(29) - Рабатаю со страницей - 11
2022-12-13 14:04:04,931 - [INFO] - root - (zaebov_net.py).zaebovnet_pars(42) - Рабатаю с набором мемов - Угадай страну по фото, приколы про Россию
2022-12-13 14:04:05,306 - [INFO] - root - (zaebov_net.py).zaebovnet_pars(42) - Рабатаю с набором мемов - Ржачные фото приколы для хорошего настроения
2022-12-13 14:04:05,754 - [INFO] - root - (zaebov_net.py).zaebovnet_pars(42) - Рабатаю с набором мемов - Фото приколы с школьного выпускного
2022-12-13 14:04:06,194 - [INFO] - root - (zaebov_net.py).zaebovnet_pars(42) - Рабатаю с набором мемов - Красивые юные выпускницы с праздником!
2022-12-13 14:04:06,679 - [INFO] - root - (zaebov_net.py).zaebovnet_pars(42) - Рабатаю с набором мемов - Люди - какашки, фото приколы ( 23 июня 2016г.)
2022-12-13 14:04:07,107 - [INFO] - root - (zaebov_net.py).zaebovnet_pars(42) - Рабатаю с набором мемов - профессия рукожоп  -  это приговор (23 июня 2016г.)
2022-12-13 14:04:07,535 - [INFO] - root - (zaebov_net.py).zaebovnet_pars(42) - Рабатаю с набором мемов - Юморные картинки и фото приколы (21 июня 2016 г.)
2022-12-13 14:04:07,979 - [INFO] - root - (zaebov_net.py).zaebovnet_pars(42) - Рабатаю с набором мемов - Ржачные фото приколы с надписями из жизни (21 июня 2016 г.)
2022-12-13 14:04:09,395 - [INFO] - root - (zaebov_net.py).zaebovnet_pars(42) - Рабатаю с набором мемов - Картинки и фото приколы про девушек (21 июня 2016 г.)
2022-12-13 14:04:10,870 - [INFO] - root - (zaebov_net.py).zaebovnet_pars(42) - Рабатаю с набором мемов - Фото приколы про сборную России по фуболу 2016 год
2022-12-13 14:04:11,314 - [INFO] - root - (zaebov_net.py).zaebovnet_pars(42) - Рабатаю с набором мемов - Потборка фото приколов про Россию матушку 15 фото
2022-12-13 14:04:11,324 - [ERROR] - root - (zaebov_net.py).zaebovnet_pars(61) - Проблеммы с отдельным изображением - 'NoneType' object has no attribute 'get'
2022-12-13 14:04:11,810 - [INFO] - root - (zaebov_net.py).zaebovnet_pars(42) - Рабатаю с набором мемов - Собаки - улыбаки (15 июня 2016 г.)
2022-12-13 14:04:12,251 - [INFO] - root - (zaebov_net.py).zaebovnet_pars(42) - Рабатаю с набором мемов - Смешная коллекция комиксов (9 июня 2016г.)
2022-12-13 14:04:12,788 - [INFO] - root - (zaebov_net.py).zaebovnet_pars(42) - Рабатаю с набором мемов - Фото приколы ржака (9 июня 2016 г.)
2022-12-13 14:04:13,250 - [INFO] - root - (zaebov_net.py).zaebovnet_pars(42) - Рабатаю с набором мемов - Свежие фото приколы (9 июня 2016 г.)
2022-12-13 14:04:14,044 - [INFO] - root - (zaebov_net.py).zaebovnet_pars(42) - Рабатаю с набором мемов - Прикольные комиксы (8 июня 2016 г.)
2022-12-13 14:04:18,851 - [INFO] - root - (zaebov_net.py).zaebovnet_pars(42) - Рабатаю с набором мемов - Фото приколы ожидание и реальность (28 фото)
2022-12-13 14:04:18,864 - [ERROR] - root - (zaebov_net.py).zaebovnet_pars(61) - Проблеммы с отдельным изображением - 'NoneType' object has no attribute 'get'
2022-12-13 14:04:19,950 - [INFO] - root - (zaebov_net.py).zaebovnet_pars(42) - Рабатаю с набором мемов - Прикольные летние фото (8 июня 2016 г.)
2022-12-13 14:04:20,437 - [INFO] - root - (zaebov_net.py).zaebovnet_pars(29) - Рабатаю со страницей - 12
2022-12-13 14:04:20,821 - [INFO] - root - (zaebov_net.py).zaebovnet_pars(42) - Рабатаю с набором мемов - Неудачный денек, подборка  приколов (8 июня 2016 г.)
2022-12-13 14:04:21,381 - [INFO] - root - (zaebov_net.py).zaebovnet_pars(42) - Рабатаю с набором мемов - Самые смешные ситуации  (8 июня 2016 г.)
2022-12-13 14:04:21,801 - [INFO] - root - (zaebov_net.py).zaebovnet_pars(42) - Рабатаю с набором мемов - Как похудеть на 10 кг фото приколы (3 июня 2016 г.)
2022-12-13 14:04:22,230 - [INFO] - root - (zaebov_net.py).zaebovnet_pars(42) - Рабатаю с набором мемов - Позитивные приколы для студентов и школьников (3 июня 2016г.)
2022-12-13 14:04:22,706 - [INFO] - root - (zaebov_net.py).zaebovnet_pars(42) - Рабатаю с набором мемов - Лучшие фото Юлии Михалковой из Уральских пельменей
2022-12-13 14:04:22,723 - [ERROR] - root - (zaebov_net.py).zaebovnet_pars(61) - Проблеммы с отдельным изображением - 'NoneType' object has no attribute 'get'
2022-12-13 14:04:23,130 - [INFO] - root - (zaebov_net.py).zaebovnet_pars(42) - Рабатаю с набором мемов - Ржаки и шокирующие кадры (2 июня 2016 г.)
2022-12-13 14:04:23,575 - [INFO] - root - (zaebov_net.py).zaebovnet_pars(42) - Рабатаю с набором мемов - Приколюхи с надписями (2 июня 2016г)
2022-12-13 14:04:24,035 - [INFO] - root - (zaebov_net.py).zaebovnet_pars(42) - Рабатаю с набором мемов - Как проходила вечеринка 50 лет назад (30 мая 2016г)
2022-12-13 14:04:24,491 - [INFO] - root - (zaebov_net.py).zaebovnet_pars(42) - Рабатаю с набором мемов - Женщина - качок (30 мая 2016г.)
2022-12-13 14:04:24,988 - [INFO] - root - (zaebov_net.py).zaebovnet_pars(42) - Рабатаю с набором мемов - Просто смешные фото (30 мая 2016г.)
2022-12-13 14:04:25,494 - [INFO] - root - (zaebov_net.py).zaebovnet_pars(42) - Рабатаю с набором мемов - Вся правда про школьников (30 мая 2016г.)
2022-12-13 14:04:25,886 - [INFO] - root - (zaebov_net.py).zaebovnet_pars(42) - Рабатаю с набором мемов - Надписи и прикольные записки от женщин (27 мая 2016г)
2022-12-13 14:04:26,284 - [INFO] - root - (zaebov_net.py).zaebovnet_pars(42) - Рабатаю с набором мемов - Неудачный фотошоп (27 мая 2016г)
2022-12-13 14:04:26,696 - [INFO] - root - (zaebov_net.py).zaebovnet_pars(42) - Рабатаю с набором мемов - Прикольные и неожиданные совпадения (25 мая 2016)
2022-12-13 14:04:27,509 - [INFO] - root - (zaebov_net.py).zaebovnet_pars(42) - Рабатаю с набором мемов - Классные селфи красивых девушек (24 мая 2016г)
2022-12-13 14:04:27,908 - [INFO] - root - (zaebov_net.py).zaebovnet_pars(42) - Рабатаю с набором мемов - Супер приколы дня (24 мая 2015г)
2022-12-13 14:04:28,301 - [INFO] - root - (zaebov_net.py).zaebovnet_pars(42) - Рабатаю с набором мемов - Пародии американского актера на звезд Каннского фестиваля (20 мая 2016г)
2022-12-13 14:04:28,777 - [INFO] - root - (zaebov_net.py).zaebovnet_pars(29) - Рабатаю со страницей - 13
2022-12-13 14:04:29,160 - [INFO] - root - (zaebov_net.py).zaebovnet_pars(42) - Рабатаю с набором мемов - Картинки и приколюхи  с надписями (17 мая 2016г)
2022-12-13 14:04:29,586 - [INFO] - root - (zaebov_net.py).zaebovnet_pars(42) - Рабатаю с набором мемов - Картинки и фотоотчет родом из России (16 мая 2016)
2022-12-13 14:04:30,109 - [INFO] - root - (zaebov_net.py).zaebovnet_pars(42) - Рабатаю с набором мемов - Веселые пошлости или буйное воображение: большая фото подборка 2022 года
2022-12-13 14:04:30,124 - [ERROR] - root - (zaebov_net.py).zaebovnet_pars(61) - Проблеммы с отдельным изображением - 'NoneType' object has no attribute 'get'
2022-12-13 14:04:30,564 - [INFO] - root - (zaebov_net.py).zaebovnet_pars(42) - Рабатаю с набором мемов - Позитивные картинки и фото с животными (16 мая 2016г)
2022-12-13 14:04:31,011 - [INFO] - root - (zaebov_net.py).zaebovnet_pars(42) - Рабатаю с набором мемов - Странные приколы и маразмы (16 мая 2016г)
2022-12-13 14:04:31,446 - [INFO] - root - (zaebov_net.py).zaebovnet_pars(42) - Рабатаю с набором мемов - Смешные казусы  и надписи на рынке (5 мая 2016г)
2022-12-13 14:04:31,855 - [INFO] - root - (zaebov_net.py).zaebovnet_pars(42) - Рабатаю с набором мемов - Обман на упаковке ( 5 мая 2016)
2022-12-13 14:04:32,274 - [INFO] - root - (zaebov_net.py).zaebovnet_pars(42) - Рабатаю с набором мемов - Фото позитив для людей с хорошим чувством юмора (30 апреля 2016г)
2022-12-13 14:04:32,767 - [INFO] - root - (zaebov_net.py).zaebovnet_pars(42) - Рабатаю с набором мемов - Позитив на  Пасху и красивые яйца (30 апреля 2016г)
2022-12-13 14:04:33,653 - [INFO] - root - (zaebov_net.py).zaebovnet_pars(42) - Рабатаю с набором мемов - Когда ты "третий лишний" (26 апреля 2016г)
2022-12-13 14:04:34,268 - [INFO] - root - (zaebov_net.py).zaebovnet_pars(42) - Рабатаю с набором мемов - Убойные фото приколы: подборка для хорошего настроения
2022-12-13 14:04:34,317 - [ERROR] - root - (zaebov_net.py).zaebovnet_pars(61) - Проблеммы с отдельным изображением - 'NoneType' object has no attribute 'get'
2022-12-13 14:04:34,746 - [INFO] - root - (zaebov_net.py).zaebovnet_pars(42) - Рабатаю с набором мемов - Мы родом из России и ценим качественные шутки (19 апреля 2016г.)
2022-12-13 14:04:35,180 - [INFO] - root - (zaebov_net.py).zaebovnet_pars(42) - Рабатаю с набором мемов - Картинки и снимки для настроения (19 апреля 2016г.)
2022-12-13 14:04:35,633 - [INFO] - root - (zaebov_net.py).zaebovnet_pars(42) - Рабатаю с набором мемов - Фото - дурдом из социальных сетей (19 апреля 2016г.)
2022-12-13 14:04:36,074 - [INFO] - root - (zaebov_net.py).zaebovnet_pars(42) - Рабатаю с набором мемов - Как "убить" человека одним фото: убойные приколы
2022-12-13 14:04:36,085 - [ERROR] - root - (zaebov_net.py).zaebovnet_pars(61) - Проблеммы с отдельным изображением - 'NoneType' object has no attribute 'get'
2022-12-13 14:04:36,478 - [INFO] - root - (zaebov_net.py).zaebovnet_pars(42) - Рабатаю с набором мемов - Фото позитивчик для настроения (15 апреля 2016г)
2022-12-13 14:04:36,911 - [INFO] - root - (zaebov_net.py).zaebovnet_pars(42) - Рабатаю с набором мемов - Смешные надписи на заборах (15 апреля 2016г)
2022-12-13 14:04:37,330 - [INFO] - root - (zaebov_net.py).zaebovnet_pars(42) - Рабатаю с набором мемов - Грандиозный провал или Epic Fail (13 апреля 2016г)
2022-12-13 14:04:37,744 - [INFO] - root - (zaebov_net.py).zaebovnet_pars(29) - Рабатаю со страницей - 14
2022-12-13 14:04:38,237 - [INFO] - root - (zaebov_net.py).zaebovnet_pars(42) - Рабатаю с набором мемов - Наша страна богата людьми с хорошим чувством юмора!(13 апреля 2016г)
2022-12-13 14:04:38,732 - [INFO] - root - (zaebov_net.py).zaebovnet_pars(42) - Рабатаю с набором мемов - Новые демотиваторы (13 апреля 2016г)
2022-12-13 14:04:39,143 - [INFO] - root - (zaebov_net.py).zaebovnet_pars(42) - Рабатаю с набором мемов - смешные приколы и позитивные фото в хорошем качестве (13 апреля 2016г)
2022-12-13 14:04:39,574 - [INFO] - root - (zaebov_net.py).zaebovnet_pars(42) - Рабатаю с набором мемов - Уморительные фотки дураки на дороге (11 апреля 2016)
2022-12-13 14:04:39,985 - [INFO] - root - (zaebov_net.py).zaebovnet_pars(42) - Рабатаю с набором мемов - Смешные стоп кадры (6 апреля 2016г)
2022-12-13 14:04:40,469 - [INFO] - root - (zaebov_net.py).zaebovnet_pars(42) - Рабатаю с набором мемов - Я у мамы инженер (4 апреля 2016г.)
2022-12-13 14:04:40,921 - [INFO] - root - (zaebov_net.py).zaebovnet_pars(42) - Рабатаю с набором мемов - Когда смешные надписи решают все (4 апреля 2016г)
2022-12-13 14:04:41,489 - [INFO] - root - (zaebov_net.py).zaebovnet_pars(42) - Рабатаю с набором мемов - с 1 апреля! Приколы День дурака! (31 марта 2016)
2022-12-13 14:04:41,934 - [INFO] - root - (zaebov_net.py).zaebovnet_pars(42) - Рабатаю с набором мемов - Свежие  приколы и мемы из Рунета за март (29 марта 2016г)
2022-12-13 14:04:42,396 - [INFO] - root - (zaebov_net.py).zaebovnet_pars(42) - Рабатаю с набором мемов - Приколы "ожидание / реальность" про отношения (21 марта 2016)
2022-12-13 14:04:42,781 - [INFO] - root - (zaebov_net.py).zaebovnet_pars(42) - Рабатаю с набором мемов - Приколы про любовь и отношения (21 марта 2016г)
2022-12-13 14:04:43,232 - [INFO] - root - (zaebov_net.py).zaebovnet_pars(42) - Рабатаю с набором мемов - Фото приколы про людей "на грани" (21 марта 2016г)
2022-12-13 14:04:43,699 - [INFO] - root - (zaebov_net.py).zaebovnet_pars(42) - Рабатаю с набором мемов - Перехватило дыхание или "за секунду до" (21 марта 2016г)
2022-12-13 14:04:44,196 - [INFO] - root - (zaebov_net.py).zaebovnet_pars(42) - Рабатаю с набором мемов - Приколы про гомункула 2022
2022-12-13 14:04:44,207 - [ERROR] - root - (zaebov_net.py).zaebovnet_pars(61) - Проблеммы с отдельным изображением - 'NoneType' object has no attribute 'get'
2022-12-13 14:04:44,640 - [INFO] - root - (zaebov_net.py).zaebovnet_pars(42) - Рабатаю с набором мемов - Снимки про изобретательных людей (17 марта 2016)
2022-12-13 14:04:45,130 - [INFO] - root - (zaebov_net.py).zaebovnet_pars(42) - Рабатаю с набором мемов - Самые колоритные картинки и фотки про русских (17 марта 2016г.)
2022-12-13 14:04:45,638 - [INFO] - root - (zaebov_net.py).zaebovnet_pars(42) - Рабатаю с набором мемов - Ржача из рекламных стендов и с прилавков магазинов (17 марта 2016)
2022-12-13 14:04:46,066 - [INFO] - root - (zaebov_net.py).zaebovnet_pars(42) - Рабатаю с набором мемов - Умора и смешные до слез фото с надписями (17 марта 2016)
2022-12-13 14:04:46,423 - [INFO] - root - (zaebov_net.py).zaebovnet_pars(29) - Рабатаю со страницей - 15
2022-12-13 14:04:46,874 - [INFO] - root - (zaebov_net.py).zaebovnet_pars(42) - Рабатаю с набором мемов - Подборка прикольных комиксов (16 марта 2016)
2022-12-13 14:04:47,417 - [INFO] - root - (zaebov_net.py).zaebovnet_pars(42) - Рабатаю с набором мемов - Самые ржачные фото приколы (16 марта 2016)
2022-12-13 14:04:47,820 - [INFO] - root - (zaebov_net.py).zaebovnet_pars(42) - Рабатаю с набором мемов - Понять и простить в Прощеное воскресенье (14 марта 2016г)
2022-12-13 14:04:48,240 - [INFO] - root - (zaebov_net.py).zaebovnet_pars(42) - Рабатаю с набором мемов - Дорогие друзья,  с Масленицей! (10 марта 2016)
2022-12-13 14:04:48,722 - [INFO] - root - (zaebov_net.py).zaebovnet_pars(42) - Рабатаю с набором мемов - Весенние шуточки, которые растопят снег! (10 марта 2016г)
2022-12-13 14:04:49,155 - [INFO] - root - (zaebov_net.py).zaebovnet_pars(42) - Рабатаю с набором мемов - Чудаки наступают! (10 марта 2016г)
2022-12-13 14:04:49,533 - [INFO] - root - (zaebov_net.py).zaebovnet_pars(42) - Рабатаю с набором мемов - Весна пришла! Весне дорогу!! (10 марта.2016)
2022-12-13 14:04:49,934 - [INFO] - root - (zaebov_net.py).zaebovnet_pars(42) - Рабатаю с набором мемов - Колукция смешных кадров и картинок для отличного настроения! (4 марта 2016г)
2022-12-13 14:04:50,312 - [INFO] - root - (zaebov_net.py).zaebovnet_pars(42) - Рабатаю с набором мемов - Коллекция уморительных приколюх солянкой (4 марта 2016г)
2022-12-13 14:04:50,732 - [INFO] - root - (zaebov_net.py).zaebovnet_pars(42) - Рабатаю с набором мемов - 21 жизненное высказывание (4 марта 2016г)
2022-12-13 14:04:51,214 - [INFO] - root - (zaebov_net.py).zaebovnet_pars(42) - Рабатаю с набором мемов - Как Дикаприо кушал печеньки на церемонии "Оскар 2016" (3 марта 2016г)
2022-12-13 14:04:51,628 - [INFO] - root - (zaebov_net.py).zaebovnet_pars(42) - Рабатаю с набором мемов - С первым днем весны! (1марта 2016г)
2022-12-13 14:04:52,016 - [INFO] - root - (zaebov_net.py).zaebovnet_pars(42) - Рабатаю с набором мемов - Смешные объявления из авито и объявления на стенах (01 марта 2016г)
2022-12-13 14:04:52,417 - [INFO] - root - (zaebov_net.py).zaebovnet_pars(42) - Рабатаю с набором мемов - Остроумие этих кадров просто зашкаливает!  (1 марта 2016г)
2022-12-13 14:04:52,797 - [INFO] - root - (zaebov_net.py).zaebovnet_pars(42) - Рабатаю с набором мемов - Если вы заскучали - то ловите свежую подборку ! (24 февраля 2016г)
2022-12-13 14:04:53,281 - [INFO] - root - (zaebov_net.py).zaebovnet_pars(42) - Рабатаю с набором мемов - Про девушек и для девушек! Женский юмор (24 февраля 2016г)
2022-12-13 14:04:53,798 - [INFO] - root - (zaebov_net.py).zaebovnet_pars(42) - Рабатаю с набором мемов - Главные приколы за февраль! (24 февраля 2016)
2022-12-13 14:04:54,237 - [INFO] - root - (zaebov_net.py).zaebovnet_pars(42) - Рабатаю с набором мемов - Подборка лучших анекдотов с картинками (24 февраля 2016)
2022-12-13 14:04:54,610 - [INFO] - root - (zaebov_net.py).zaebovnet_pars(29) - Рабатаю со страницей - 16
2022-12-13 14:04:55,037 - [INFO] - root - (zaebov_net.py).zaebovnet_pars(42) - Рабатаю с набором мемов - Фото приколы к 23 февраля! (19.02.2016)
2022-12-13 14:04:55,419 - [INFO] - root - (zaebov_net.py).zaebovnet_pars(42) - Рабатаю с набором мемов - Фото приколы приколы про девушек за рулем авто. Баба за рулем! (19.02.2016)
2022-12-13 14:04:55,836 - [INFO] - root - (zaebov_net.py).zaebovnet_pars(42) - Рабатаю с набором мемов - 10 огромных собак, которые не осознают этого. (10.02.2016г)
2022-12-13 14:04:56,286 - [INFO] - root - (zaebov_net.py).zaebovnet_pars(42) - Рабатаю с набором мемов - Фотопозитив для хорошего вечера (04.02.2016)
2022-12-13 14:04:56,704 - [INFO] - root - (zaebov_net.py).zaebovnet_pars(42) - Рабатаю с набором мемов - Фото приколы про девушек (03.02.2016)
2022-12-13 14:04:57,126 - [INFO] - root - (zaebov_net.py).zaebovnet_pars(42) - Рабатаю с набором мемов - Комиксы ко Дню Всех Влюбленных 14 февраля (03.02.2016)
2022-12-13 14:04:59,330 - [INFO] - root - (zaebov_net.py).zaebovnet_pars(42) - Рабатаю с набором мемов - Отрыв  "чисто по русски"(03.02.2016)
2022-12-13 14:04:59,773 - [INFO] - root - (zaebov_net.py).zaebovnet_pars(42) - Рабатаю с набором мемов - Коллекция  свежих фото приколов (03.02.2016)
2022-12-13 14:05:00,223 - [INFO] - root - (zaebov_net.py).zaebovnet_pars(42) - Рабатаю с набором мемов - Смешные костюмы для собак (03.02.2016)
2022-12-13 14:05:00,655 - [INFO] - root - (zaebov_net.py).zaebovnet_pars(42) - Рабатаю с набором мемов - Приколы в спорт зале: смешные фото и мемы
2022-12-13 14:05:00,666 - [ERROR] - root - (zaebov_net.py).zaebovnet_pars(61) - Проблеммы с отдельным изображением - 'NoneType' object has no attribute 'get'
2022-12-13 14:05:01,044 - [INFO] - root - (zaebov_net.py).zaebovnet_pars(42) - Рабатаю с набором мемов - Самые новые и ржачные картинки 2016го года про политиков и Путина (02.02.2016)
2022-12-13 14:05:01,552 - [INFO] - root - (zaebov_net.py).zaebovnet_pars(42) - Рабатаю с набором мемов - Фото приколы и демотиваторы про американскую армию в Сирии (29.01.2016г.)
2022-12-13 14:05:02,046 - [INFO] - root - (zaebov_net.py).zaebovnet_pars(42) - Рабатаю с набором мемов - Про девушек и парней на тему "Спалился" (29.01.2016г)
2022-12-13 14:05:02,449 - [INFO] - root - (zaebov_net.py).zaebovnet_pars(42) - Рабатаю с набором мемов - Откровения про любимую и не очень работу) (29.01.2016г.)
2022-12-13 14:05:02,893 - [INFO] - root - (zaebov_net.py).zaebovnet_pars(42) - Рабатаю с набором мемов - Уморительные факты про утро 1го января (21.01.2016г)
2022-12-13 14:05:03,323 - [INFO] - root - (zaebov_net.py).zaebovnet_pars(42) - Рабатаю с набором мемов - Горячие снегурочки 2016 го года  (21.01.2016г)
2022-12-13 14:05:03,812 - [INFO] - root - (zaebov_net.py).zaebovnet_pars(42) - Рабатаю с набором мемов - Подборка Котоприкотов. (21.01.2016г)
2022-12-13 14:05:04,252 - [INFO] - root - (zaebov_net.py).zaebovnet_pars(42) - Рабатаю с набором мемов - Смешные фото приколы про Россию и русских (19.01.2016г)
2022-12-13 14:05:04,657 - [INFO] - root - (zaebov_net.py).zaebovnet_pars(29) - Рабатаю со страницей - 17
2022-12-13 14:05:05,177 - [INFO] - root - (zaebov_net.py).zaebovnet_pars(42) - Рабатаю с набором мемов - Самые свежие и позитивные картинки на злобу дня (19.01.2016г)
2022-12-13 14:05:05,593 - [INFO] - root - (zaebov_net.py).zaebovnet_pars(42) - Рабатаю с набором мемов - Свежие фотошоп приколы про Владимира Путина 13.12.2015
2022-12-13 14:05:06,028 - [INFO] - root - (zaebov_net.py).zaebovnet_pars(42) - Рабатаю с набором мемов - Прикольные надписи и объявления 13.12.2015
2022-12-13 14:05:06,444 - [INFO] - root - (zaebov_net.py).zaebovnet_pars(42) - Рабатаю с набором мемов - Смех сквозь слезы на  06.12.2015
2022-12-13 14:05:06,909 - [INFO] - root - (zaebov_net.py).zaebovnet_pars(42) - Рабатаю с набором мемов - Подборка ржачных фото приколов с подписями. 05.12.201
2022-12-13 14:05:07,404 - [INFO] - root - (zaebov_net.py).zaebovnet_pars(42) - Рабатаю с набором мемов - Коллекция автомобильных приколюх
2022-12-13 14:05:07,414 - [ERROR] - root - (zaebov_net.py).zaebovnet_pars(61) - Проблеммы с отдельным изображением - 'NoneType' object has no attribute 'get'
2022-12-13 14:05:07,875 - [INFO] - root - (zaebov_net.py).zaebovnet_pars(42) - Рабатаю с набором мемов - Коллекция остроумных фото про Путина и других политиков. 05.12.2015
2022-12-13 14:05:08,290 - [INFO] - root - (zaebov_net.py).zaebovnet_pars(42) - Рабатаю с набором мемов - Фото позитив для ВАС с надписями и не только. 02.12.2015
2022-12-13 14:05:08,713 - [INFO] - root - (zaebov_net.py).zaebovnet_pars(42) - Рабатаю с набором мемов - Краткое руководство как подготовиться к идеальной свадьбе..фото приколы 24.11.2015
2022-12-13 14:05:09,136 - [INFO] - root - (zaebov_net.py).zaebovnet_pars(42) - Рабатаю с набором мемов - День рождения у кота:)  24.11.2015
2022-12-13 14:05:09,630 - [INFO] - root - (zaebov_net.py).zaebovnet_pars(42) - Рабатаю с набором мемов - Солянка прикольных фото про все подряд. Смотрим  для поднятия настроения:) 24.11.2015
2022-12-13 14:05:10,207 - [INFO] - root - (zaebov_net.py).zaebovnet_pars(42) - Рабатаю с набором мемов - Колекция приколов про Россию и русских, смешные до слез. 23.11.2015
2022-12-13 14:05:10,625 - [INFO] - root - (zaebov_net.py).zaebovnet_pars(42) - Рабатаю с набором мемов - Самые ржачные анекдоты и приколы, смешно до слез! 18.11.2015
2022-12-13 14:05:11,038 - [INFO] - root - (zaebov_net.py).zaebovnet_pars(42) - Рабатаю с набором мемов - Коллекция смешых юмористичных фото 18.11.2015
2022-12-13 14:05:11,431 - [INFO] - root - (zaebov_net.py).zaebovnet_pars(42) - Рабатаю с набором мемов - Самые неожиданные ржачные фото приколы - маразмы. 18.11.2015
2022-12-13 14:05:11,842 - [INFO] - root - (zaebov_net.py).zaebovnet_pars(42) - Рабатаю с набором мемов - Самые крутые дедушки! Картинки с не старыми стариками!
2022-12-13 14:05:11,852 - [ERROR] - root - (zaebov_net.py).zaebovnet_pars(61) - Проблеммы с отдельным изображением - 'NoneType' object has no attribute 'get'
2022-12-13 14:05:12,276 - [INFO] - root - (zaebov_net.py).zaebovnet_pars(42) - Рабатаю с набором мемов - Коллекция самых смешных фото выражений лица и ситуаций из мира спорта
2022-12-13 14:05:12,286 - [ERROR] - root - (zaebov_net.py).zaebovnet_pars(61) - Проблеммы с отдельным изображением - 'NoneType' object has no attribute 'get'
2022-12-13 14:05:12,693 - [INFO] - root - (zaebov_net.py).zaebovnet_pars(42) - Рабатаю с набором мемов - Самые смешные снимки и приколы! 14.11.2015
2022-12-13 14:05:13,080 - [INFO] - root - (zaebov_net.py).zaebovnet_pars(29) - Рабатаю со страницей - 18
2022-12-13 14:05:13,552 - [INFO] - root - (zaebov_net.py).zaebovnet_pars(42) - Рабатаю с набором мемов - Ржачные картинки про политиков, только свежак! 11.11.2015
2022-12-13 14:05:13,979 - [INFO] - root - (zaebov_net.py).zaebovnet_pars(42) - Рабатаю с набором мемов - Самые новые фото приколы этой недели 10.11.2015
2022-12-13 14:05:14,440 - [INFO] - root - (zaebov_net.py).zaebovnet_pars(42) - Рабатаю с набором мемов - Самые смешные картинки с животными 10.11.2015
2022-12-13 14:05:14,909 - [INFO] - root - (zaebov_net.py).zaebovnet_pars(42) - Рабатаю с набором мемов - Ржачные объявления и надписи на ярлыках, этикетках, чеках в супермаркете. 09.11.2015
2022-12-13 14:05:15,394 - [INFO] - root - (zaebov_net.py).zaebovnet_pars(42) - Рабатаю с набором мемов - Новым годом веет, руки чешутся делать оливье! Фото приколы про Новый год. 08.11.2015
2022-12-13 14:05:15,844 - [INFO] - root - (zaebov_net.py).zaebovnet_pars(42) - Рабатаю с набором мемов - Чисто русская свадьба! Сборник фото приколов 08.11.2015
2022-12-13 14:05:16,280 - [INFO] - root - (zaebov_net.py).zaebovnet_pars(42) - Рабатаю с набором мемов - Что нам стоит дом построить?)) - и жену там поселить!!
2022-12-13 14:05:16,676 - [INFO] - root - (zaebov_net.py).zaebovnet_pars(42) - Рабатаю с набором мемов - Фото смешных деток!
2022-12-13 14:05:16,687 - [ERROR] - root - (zaebov_net.py).zaebovnet_pars(61) - Проблеммы с отдельным изображением - 'NoneType' object has no attribute 'get'
2022-12-13 14:05:17,126 - [INFO] - root - (zaebov_net.py).zaebovnet_pars(42) - Рабатаю с набором мемов - Подборка смешных картинок и открыток в Чистый четверг
2022-12-13 14:05:17,142 - [ERROR] - root - (zaebov_net.py).zaebovnet_pars(61) - Проблеммы с отдельным изображением - 'NoneType' object has no attribute 'get'
2022-12-13 14:05:17,142 - [ERROR] - root - (zaebov_net.py).zaebovnet_pars(61) - Проблеммы с отдельным изображением - 'NoneType' object has no attribute 'get'
2022-12-13 14:05:17,142 - [ERROR] - root - (zaebov_net.py).zaebovnet_pars(61) - Проблеммы с отдельным изображением - 'NoneType' object has no attribute 'get'
2022-12-13 14:05:17,143 - [ERROR] - root - (zaebov_net.py).zaebovnet_pars(61) - Проблеммы с отдельным изображением - 'NoneType' object has no attribute 'get'
2022-12-13 14:05:17,718 - [INFO] - root - (zaebov_net.py).zaebovnet_pars(42) - Рабатаю с набором мемов - Подборка смешных фото про людей, которые все делают наоборот (26 фото) 20.03.2015
2022-12-13 14:05:18,143 - [INFO] - root - (zaebov_net.py).zaebovnet_pars(42) - Рабатаю с набором мемов - Подборка смешных фото авто приколов (+32 фото) 2022 обновлено
2022-12-13 14:05:18,573 - [INFO] - root - (zaebov_net.py).zaebovnet_pars(42) - Рабатаю с набором мемов - Смешные фото на тему "Сфотай меня типо.."(33 фото) 18.03.2015
2022-12-13 14:05:18,583 - [ERROR] - root - (zaebov_net.py).zaebovnet_pars(61) - Проблеммы с отдельным изображением - 'NoneType' object has no attribute 'get'
2022-12-13 14:05:18,985 - [INFO] - root - (zaebov_net.py).zaebovnet_pars(42) - Рабатаю с набором мемов - Подборка смешных приколюх про жизнь (28 фото) 18.03.2015
2022-12-13 14:05:18,995 - [ERROR] - root - (zaebov_net.py).zaebovnet_pars(61) - Проблеммы с отдельным изображением - 'NoneType' object has no attribute 'get'
2022-12-13 14:05:19,376 - [INFO] - root - (zaebov_net.py).zaebovnet_pars(42) - Рабатаю с набором мемов - Подборка фото приколов про русские дороги (30 фото) 18.03.2015
2022-12-13 14:05:19,385 - [ERROR] - root - (zaebov_net.py).zaebovnet_pars(61) - Проблеммы с отдельным изображением - 'NoneType' object has no attribute 'get'
2022-12-13 14:05:19,829 - [INFO] - root - (zaebov_net.py).zaebovnet_pars(42) - Рабатаю с набором мемов - Подборка самых нелепых поз для сна (17 фото) 16.03.201
2022-12-13 14:05:20,251 - [INFO] - root - (zaebov_net.py).zaebovnet_pars(42) - Рабатаю с набором мемов - Подборка смешных авто приколов (28 фото) 16.03.2015
2022-12-13 14:05:20,691 - [INFO] - root - (zaebov_net.py).zaebovnet_pars(42) - Рабатаю с набором мемов - Подборка жизненных  автомобильных приколов (28 фото) 16.03.2015
2022-12-13 14:05:21,316 - [INFO] - root - (zaebov_net.py).zaebovnet_pars(42) - Рабатаю с набором мемов - Подборка смешных фраз из мультфильмов (32 фото) 16.03.2015
2022-12-13 14:05:21,830 - [INFO] - root - (zaebov_net.py).zaebovnet_pars(29) - Рабатаю со страницей - 19
2022-12-13 14:05:22,207 - [INFO] - root - (zaebov_net.py).zaebovnet_pars(42) - Рабатаю с набором мемов - Подборка уматных картинок (36 фото) 16.03.2015
2022-12-13 14:05:22,651 - [INFO] - root - (zaebov_net.py).zaebovnet_pars(42) - Рабатаю с набором мемов - Подборка смешных и казусных моментов (39 фото) 14.03.2015
2022-12-13 14:05:23,147 - [INFO] - root - (zaebov_net.py).zaebovnet_pars(42) - Рабатаю с набором мемов - Подборка самых новых смешных картинок из Рунета (37 фото) 14.03.2015
2022-12-13 14:05:23,566 - [INFO] - root - (zaebov_net.py).zaebovnet_pars(42) - Рабатаю с набором мемов - Мечты про пятницу и субботу на работе (32 фото)
2022-12-13 14:05:23,583 - [ERROR] - root - (zaebov_net.py).zaebovnet_pars(61) - Проблеммы с отдельным изображением - 'NoneType' object has no attribute 'get'
2022-12-13 14:05:23,957 - [INFO] - root - (zaebov_net.py).zaebovnet_pars(42) - Рабатаю с набором мемов - Солянка самых крутых фотопозитивчиков из Интернета (31 фото) 13.03.2015
2022-12-13 14:05:24,396 - [INFO] - root - (zaebov_net.py).zaebovnet_pars(42) - Рабатаю с набором мемов - Порция смешных поводов для улыбки (42 фото) 12.03.2015
2022-12-13 14:05:24,894 - [INFO] - root - (zaebov_net.py).zaebovnet_pars(42) - Рабатаю с набором мемов - Улыбнись и жизнь наладится! (36 фото)12.03.2015
2022-12-13 14:05:25,342 - [INFO] - root - (zaebov_net.py).zaebovnet_pars(42) - Рабатаю с набором мемов - Подборка смешных фото приколов (32 фото) 11.03.2015
2022-12-13 14:05:25,824 - [INFO] - root - (zaebov_net.py).zaebovnet_pars(42) - Рабатаю с набором мемов - Веселые фото с комментариями к ним (40 фото)10.03.2015
2022-12-13 14:05:26,267 - [INFO] - root - (zaebov_net.py).zaebovnet_pars(42) - Рабатаю с набором мемов - Самые убойные картинки с юмором для взрослых (26 фото)
2022-12-13 14:05:26,276 - [ERROR] - root - (zaebov_net.py).zaebovnet_pars(61) - Проблеммы с отдельным изображением - 'NoneType' object has no attribute 'get'
2022-12-13 14:05:26,680 - [INFO] - root - (zaebov_net.py).zaebovnet_pars(42) - Рабатаю с набором мемов - Нет повода для печали! Смотри наши приколы и веселись (30 фото) 10.03.2015
2022-12-13 14:05:27,078 - [INFO] - root - (zaebov_net.py).zaebovnet_pars(42) - Рабатаю с набором мемов - Самые ржачные моменты из жизни и снимки для настроения(36 фото) 10.03.2015
2022-12-13 14:05:27,517 - [INFO] - root - (zaebov_net.py).zaebovnet_pars(42) - Рабатаю с набором мемов - Подборка женских фото приколов на 8 марта!  (30 фото)
2022-12-13 14:05:27,527 - [ERROR] - root - (zaebov_net.py).zaebovnet_pars(61) - Проблеммы с отдельным изображением - 'NoneType' object has no attribute 'get'
2022-12-13 14:05:27,994 - [INFO] - root - (zaebov_net.py).zaebovnet_pars(42) - Рабатаю с набором мемов - Самые уморительные приколы, которые доведут вас до истерики! (31 фото) 07.03.2015
2022-12-13 14:05:28,493 - [INFO] - root - (zaebov_net.py).zaebovnet_pars(42) - Рабатаю с набором мемов - Остроумные фото про нашу жизнь (42 фото) 06.03.2015
2022-12-13 14:05:28,929 - [INFO] - root - (zaebov_net.py).zaebovnet_pars(42) - Рабатаю с набором мемов - Большая подборка сочных фото приколов (35 фото)
2022-12-13 14:05:28,940 - [ERROR] - root - (zaebov_net.py).zaebovnet_pars(61) - Проблеммы с отдельным изображением - 'NoneType' object has no attribute 'get'
2022-12-13 14:05:29,398 - [INFO] - root - (zaebov_net.py).zaebovnet_pars(42) - Рабатаю с набором мемов - Подборка смешных картинок (30 фото)
2022-12-13 14:05:29,408 - [ERROR] - root - (zaebov_net.py).zaebovnet_pars(61) - Проблеммы с отдельным изображением - 'NoneType' object has no attribute 'get'
2022-12-13 14:05:29,849 - [INFO] - root - (zaebov_net.py).zaebovnet_pars(42) - Рабатаю с набором мемов - Прикольные кадры для всех! (30 фото)
2022-12-13 14:05:29,861 - [ERROR] - root - (zaebov_net.py).zaebovnet_pars(61) - Проблеммы с отдельным изображением - 'NoneType' object has no attribute 'get'
2022-12-13 14:05:30,290 - [INFO] - root - (zaebov_net.py).zaebovnet_pars(29) - Рабатаю со страницей - 20
2022-12-13 14:05:30,753 - [INFO] - root - (zaebov_net.py).zaebovnet_pars(42) - Рабатаю с набором мемов - Подборка смешных фото знаменитостей (44 фото)
2022-12-13 14:05:30,767 - [ERROR] - root - (zaebov_net.py).zaebovnet_pars(61) - Проблеммы с отдельным изображением - 'NoneType' object has no attribute 'get'
2022-12-13 14:05:31,211 - [INFO] - root - (zaebov_net.py).zaebovnet_pars(42) - Рабатаю с набором мемов - Смешные и жалкие мокрые коты (21 фото)
2022-12-13 14:05:31,222 - [ERROR] - root - (zaebov_net.py).zaebovnet_pars(61) - Проблеммы с отдельным изображением - 'NoneType' object has no attribute 'get'
2022-12-13 14:05:31,651 - [INFO] - root - (zaebov_net.py).zaebovnet_pars(42) - Рабатаю с набором мемов - Подборка самых смешных неожиданностей (31 фото)
2022-12-13 14:05:31,663 - [ERROR] - root - (zaebov_net.py).zaebovnet_pars(61) - Проблеммы с отдельным изображением - 'NoneType' object has no attribute 'get'
2022-12-13 14:05:32,093 - [INFO] - root - (zaebov_net.py).zaebovnet_pars(42) - Рабатаю с набором мемов - 26 самых смешных и новых фото приколов с надписями!
2022-12-13 14:05:32,107 - [ERROR] - root - (zaebov_net.py).zaebovnet_pars(61) - Проблеммы с отдельным изображением - 'NoneType' object has no attribute 'get'
2022-12-13 14:05:32,581 - [INFO] - root - (zaebov_net.py).zaebovnet_pars(42) - Рабатаю с набором мемов - Фото знаменитостей в детстве и сейчас (40 фото) 02.03.2015
2022-12-13 14:05:33,034 - [INFO] - root - (zaebov_net.py).zaebovnet_pars(42) - Рабатаю с набором мемов - Ожидание реальность на 8 марта!  (15 фото) 02.03.2015
2022-12-13 14:05:33,494 - [INFO] - root - (zaebov_net.py).zaebovnet_pars(42) - Рабатаю с набором мемов - Насладжайтесь прикольными фотками для широкой улыбки (26 фото)
2022-12-13 14:05:33,508 - [ERROR] - root - (zaebov_net.py).zaebovnet_pars(61) - Проблеммы с отдельным изображением - 'NoneType' object has no attribute 'get'
2022-12-13 14:05:33,935 - [INFO] - root - (zaebov_net.py).zaebovnet_pars(42) - Рабатаю с набором мемов - Подборка смешных фотошоп приколов из социальных сетей (27 фото) 01.03.2015
2022-12-13 14:05:34,350 - [INFO] - root - (zaebov_net.py).zaebovnet_pars(42) - Рабатаю с набором мемов - Подборка смешных фото приколов Молодежь в ночном клубе (36 фото) 01.03.2015
2022-12-13 14:05:34,843 - [INFO] - root - (zaebov_net.py).zaebovnet_pars(42) - Рабатаю с набором мемов - Самые необычные прически футболистов (34 фото) 01.03.2015
2022-12-13 14:05:35,275 - [INFO] - root - (zaebov_net.py).zaebovnet_pars(42) - Рабатаю с набором мемов - Подборка приколов для мега позитива! (33 фото)01.03.201
2022-12-13 14:05:35,754 - [INFO] - root - (zaebov_net.py).zaebovnet_pars(42) - Рабатаю с набором мемов - Подборка смешных фото приколов На Работе (32 фото) 28.02.2015
2022-12-13 14:05:36,239 - [INFO] - root - (zaebov_net.py).zaebovnet_pars(42) - Рабатаю с набором мемов - 33 анекдота в картинках (33 фото) 28.02.2015
2022-12-13 14:05:36,677 - [INFO] - root - (zaebov_net.py).zaebovnet_pars(42) - Рабатаю с набором мемов - Подборка смешных мемов и картинок с Адриано Челентано и Орнеллой Мути
2022-12-13 14:05:36,688 - [ERROR] - root - (zaebov_net.py).zaebovnet_pars(61) - Проблеммы с отдельным изображением - 'NoneType' object has no attribute 'get'
2022-12-13 14:05:37,100 - [INFO] - root - (zaebov_net.py).zaebovnet_pars(42) - Рабатаю с набором мемов - Фотожабы на толстых звезд (30 фото) 27.02.2015
2022-12-13 14:05:37,542 - [INFO] - root - (zaebov_net.py).zaebovnet_pars(42) - Рабатаю с набором мемов - Как русские отдыхают за границей (22 фото) 27.02.2015
2022-12-13 14:05:37,982 - [INFO] - root - (zaebov_net.py).zaebovnet_pars(42) - Рабатаю с набором мемов - Просто ржачные и казусные фотки  (46 фото) 27.02.2015
2022-12-13 14:05:38,398 - [INFO] - root - (zaebov_net.py).zaebovnet_pars(42) - Рабатаю с набором мемов - Подборка смешных открыток (31 фото) 25.02.2015
2022-12-13 14:05:38,792 - [INFO] - root - (zaebov_net.py).zaebovnet_pars(29) - Рабатаю со страницей - 21
2022-12-13 14:05:39,261 - [INFO] - root - (zaebov_net.py).zaebovnet_pars(42) - Рабатаю с набором мемов - Подборка смешных автоприколов "За рулём" (41 фото)
2022-12-13 14:05:39,272 - [ERROR] - root - (zaebov_net.py).zaebovnet_pars(61) - Проблеммы с отдельным изображением - 'NoneType' object has no attribute 'get'
2022-12-13 14:05:39,743 - [INFO] - root - (zaebov_net.py).zaebovnet_pars(42) - Рабатаю с набором мемов - Подборка смешных объявлений и надписей (30 фото) 25.02.2015
2022-12-13 14:05:40,218 - [INFO] - root - (zaebov_net.py).zaebovnet_pars(42) - Рабатаю с набором мемов - Подборка смешных фото, на которых пойман Удачный ракурс (40 фото) 24.02.2015
2022-12-13 14:05:40,652 - [INFO] - root - (zaebov_net.py).zaebovnet_pars(42) - Рабатаю с набором мемов - Лучшие цитаты Фаины Раневской с фото (30 фото) 24.02.2015
2022-12-13 14:05:41,088 - [INFO] - root - (zaebov_net.py).zaebovnet_pars(42) - Рабатаю с набором мемов - Подборка смешных анекдотов в картинках (30 фото) 24.02.2015
2022-12-13 14:05:41,850 - [INFO] - root - (zaebov_net.py).zaebovnet_pars(42) - Рабатаю с набором мемов - Фото приколы, собранные из сети на сегодня (40 фото) 24.02.2015
2022-12-13 14:05:42,259 - [INFO] - root - (zaebov_net.py).zaebovnet_pars(42) - Рабатаю с набором мемов - Фото приколы Дети без присмотра (30 фото) 23.02.201
2022-12-13 14:05:42,642 - [INFO] - root - (zaebov_net.py).zaebovnet_pars(42) - Рабатаю с набором мемов - Подборка смешных фото про девушек
2022-12-13 14:05:42,652 - [ERROR] - root - (zaebov_net.py).zaebovnet_pars(61) - Проблеммы с отдельным изображением - 'NoneType' object has no attribute 'get'
2022-12-13 14:05:43,059 - [INFO] - root - (zaebov_net.py).zaebovnet_pars(42) - Рабатаю с набором мемов - Девушки в форме (30 фото) 23.02.2015
2022-12-13 14:05:43,500 - [INFO] - root - (zaebov_net.py).zaebovnet_pars(42) - Рабатаю с набором мемов - Подборка смешных фото приколов про армию в честь 23 февраля! (30 фото)22.02.2015
2022-12-13 14:05:43,950 - [INFO] - root - (zaebov_net.py).zaebovnet_pars(42) - Рабатаю с набором мемов - Открытки и приколы на 23 февраля 2022 года (36 фото)
2022-12-13 14:05:43,959 - [ERROR] - root - (zaebov_net.py).zaebovnet_pars(61) - Проблеммы с отдельным изображением - 'NoneType' object has no attribute 'get'
2022-12-13 14:05:43,959 - [ERROR] - root - (zaebov_net.py).zaebovnet_pars(61) - Проблеммы с отдельным изображением - 'NoneType' object has no attribute 'get'
2022-12-13 14:05:43,960 - [ERROR] - root - (zaebov_net.py).zaebovnet_pars(61) - Проблеммы с отдельным изображением - 'NoneType' object has no attribute 'get'
2022-12-13 14:05:43,960 - [ERROR] - root - (zaebov_net.py).zaebovnet_pars(61) - Проблеммы с отдельным изображением - 'NoneType' object has no attribute 'get'
2022-12-13 14:05:44,407 - [INFO] - root - (zaebov_net.py).zaebovnet_pars(42) - Рабатаю с набором мемов - Подборка смешных фото на тему рыбалки
2022-12-13 14:05:44,419 - [ERROR] - root - (zaebov_net.py).zaebovnet_pars(61) - Проблеммы с отдельным изображением - 'NoneType' object has no attribute 'get'
2022-12-13 14:05:44,874 - [INFO] - root - (zaebov_net.py).zaebovnet_pars(42) - Рабатаю с набором мемов - Прикольные стикеры - обои на гаражные ворота (15 фото) 20.02.2015
2022-12-13 14:05:45,343 - [INFO] - root - (zaebov_net.py).zaebovnet_pars(42) - Рабатаю с набором мемов - Русские приколы, идиотизмы, надписи (30 фото) 20.02.2015
2022-12-13 14:05:45,816 - [INFO] - root - (zaebov_net.py).zaebovnet_pars(42) - Рабатаю с набором мемов - Подборка смешных реальных неожиданных фото "Ожидание - реальность" (70 фото)
2022-12-13 14:05:45,829 - [ERROR] - root - (zaebov_net.py).zaebovnet_pars(61) - Проблеммы с отдельным изображением - 'NoneType' object has no attribute 'get'
2022-12-13 14:05:46,263 - [INFO] - root - (zaebov_net.py).zaebovnet_pars(42) - Рабатаю с набором мемов - Свадьба животных! (28 фото) 20.02.2015
2022-12-13 14:05:46,721 - [INFO] - root - (zaebov_net.py).zaebovnet_pars(42) - Рабатаю с набором мемов - Животные делают селфи на телефон, ХА-ХА(30 фото) 19.02.2015
2022-12-13 14:05:47,136 - [INFO] - root - (zaebov_net.py).zaebovnet_pars(42) - Рабатаю с набором мемов - Подборка шикарных фото приколов (38 фото) 19.02.2015
2022-12-13 14:05:47,545 - [INFO] - root - (zaebov_net.py).zaebovnet_pars(29) - Рабатаю со страницей - 22
2022-12-13 14:05:48,009 - [INFO] - root - (zaebov_net.py).zaebovnet_pars(42) - Рабатаю с набором мемов - Подборка смешных фото про детей и домашних животных (34 фото) 18.02.2015
2022-12-13 14:05:48,470 - [INFO] - root - (zaebov_net.py).zaebovnet_pars(42) - Рабатаю с набором мемов - Подборка смешных фото про Украину, Россию и Америку (20 фото) 18.02.2015
2022-12-13 14:05:48,914 - [INFO] - root - (zaebov_net.py).zaebovnet_pars(42) - Рабатаю с набором мемов - Подборка сумасшедших фото приколов (44 фото) 17.02.2015
2022-12-13 14:05:49,383 - [INFO] - root - (zaebov_net.py).zaebovnet_pars(42) - Рабатаю с набором мемов - фото жабы приколы про Лукашенко! (16 фото) 17.02.2015
2022-12-13 14:05:49,892 - [INFO] - root - (zaebov_net.py).zaebovnet_pars(42) - Рабатаю с набором мемов - Самые смешные названия товаров и смешная реклама (37 фото) 17.02.2015
2022-12-13 14:05:50,394 - [INFO] - root - (zaebov_net.py).zaebovnet_pars(42) - Рабатаю с набором мемов - Смешные фото жизнерадостные Хаски (41 фото) 17.02.2015
2022-12-13 14:05:50,815 - [INFO] - root - (zaebov_net.py).zaebovnet_pars(42) - Рабатаю с набором мемов - Серия фото "собаки под водой" (18 фото) 17.02.2015
2022-12-13 14:05:51,255 - [INFO] - root - (zaebov_net.py).zaebovnet_pars(42) - Рабатаю с набором мемов - Подборка самых оригинальных фото приколов (43 фото) 16.02.2015
2022-12-13 14:05:51,696 - [INFO] - root - (zaebov_net.py).zaebovnet_pars(42) - Рабатаю с набором мемов - Пассажиры в метро Санкт-Петербурга фото приколы (27 фото) 15.02.2015
2022-12-13 14:05:52,124 - [INFO] - root - (zaebov_net.py).zaebovnet_pars(42) - Рабатаю с набором мемов - Подборка смешных картинок и казусов (36 фото)
2022-12-13 14:05:52,161 - [ERROR] - root - (zaebov_net.py).zaebovnet_pars(61) - Проблеммы с отдельным изображением - 'NoneType' object has no attribute 'get'
2022-12-13 14:05:52,580 - [INFO] - root - (zaebov_net.py).zaebovnet_pars(42) - Рабатаю с набором мемов - Фото приколы про переговоры в Минске (12 фото) 15.02.2015
2022-12-13 14:05:53,074 - [INFO] - root - (zaebov_net.py).zaebovnet_pars(42) - Рабатаю с набором мемов - Подборка смешных фото приколов: Путин и Порошенко (35 фото)
2022-12-13 14:05:53,086 - [ERROR] - root - (zaebov_net.py).zaebovnet_pars(61) - Проблеммы с отдельным изображением - 'NoneType' object has no attribute 'get'
2022-12-13 14:05:53,548 - [INFO] - root - (zaebov_net.py).zaebovnet_pars(42) - Рабатаю с набором мемов - Подборка смешных фоток на тему "К чему приводит связь с женщиной" (22 фото) 14.02.2015
2022-12-13 14:05:54,064 - [INFO] - root - (zaebov_net.py).zaebovnet_pars(42) - Рабатаю с набором мемов - "Meanwhile in Russia" - тем временем в России (50 фото) 14.02.2015
2022-12-13 14:05:54,563 - [INFO] - root - (zaebov_net.py).zaebovnet_pars(42) - Рабатаю с набором мемов - Смешные картинки с Днем святого Валентина (32 фото)
2022-12-13 14:05:54,574 - [ERROR] - root - (zaebov_net.py).zaebovnet_pars(61) - Проблеммы с отдельным изображением - 'NoneType' object has no attribute 'get'
2022-12-13 14:05:55,046 - [INFO] - root - (zaebov_net.py).zaebovnet_pars(42) - Рабатаю с набором мемов - Набор прикольных картинок с надписями (54 фото)
2022-12-13 14:05:55,537 - [INFO] - root - (zaebov_net.py).zaebovnet_pars(42) - Рабатаю с набором мемов - Смешные фото приколы ТОлстые животные (23 фото) 12.02.2015
2022-12-13 14:05:55,946 - [INFO] - root - (zaebov_net.py).zaebovnet_pars(42) - Рабатаю с набором мемов - Такое может случиться только в России (6 фото) 12.02.2015
2022-12-13 14:05:56,341 - [INFO] - root - (zaebov_net.py).zaebovnet_pars(29) - Рабатаю со страницей - 23
2022-12-13 14:05:56,740 - [INFO] - root - (zaebov_net.py).zaebovnet_pars(42) - Рабатаю с набором мемов - Подборка смешных фото приколов про Путина и Обаму  (37 фото) 12.02.2015
2022-12-13 14:05:57,220 - [INFO] - root - (zaebov_net.py).zaebovnet_pars(42) - Рабатаю с набором мемов - Песня про Порошенко и Украинских президентов (5 фото) 12.02.2015
2022-12-13 14:05:57,649 - [INFO] - root - (zaebov_net.py).zaebovnet_pars(42) - Рабатаю с набором мемов - Подборка ржачных картинок с животными (41 фото) 12.02.2015
2022-12-13 14:05:58,088 - [INFO] - root - (zaebov_net.py).zaebovnet_pars(42) - Рабатаю с набором мемов - Порция хорошего настроения внутри (40 фото): подборка 2022
2022-12-13 14:05:58,100 - [ERROR] - root - (zaebov_net.py).zaebovnet_pars(61) - Проблеммы с отдельным изображением - 'NoneType' object has no attribute 'get'
2022-12-13 14:05:58,473 - [INFO] - root - (zaebov_net.py).zaebovnet_pars(42) - Рабатаю с набором мемов - Подборка смешных фото приколов (30 фото)10.02.2015
2022-12-13 14:05:58,876 - [INFO] - root - (zaebov_net.py).zaebovnet_pars(42) - Рабатаю с набором мемов - Мяуосиф Сталин, кот-потомок советского лидера? (5 фото) 10.02.2015
2022-12-13 14:05:58,885 - [ERROR] - root - (zaebov_net.py).zaebovnet_pars(61) - Проблеммы с отдельным изображением - 'NoneType' object has no attribute 'get'
2022-12-13 14:05:59,319 - [INFO] - root - (zaebov_net.py).zaebovnet_pars(42) - Рабатаю с набором мемов - Самые необычные дома и строения (28 фото) 11.02.2015
2022-12-13 14:05:59,816 - [INFO] - root - (zaebov_net.py).zaebovnet_pars(42) - Рабатаю с набором мемов - Я и памятник (19 фото) 09.02.2015
2022-12-13 14:06:00,242 - [INFO] - root - (zaebov_net.py).zaebovnet_pars(42) - Рабатаю с набором мемов - Коллекция приклов про разное необычное (32 фото) 09.02.2015
2022-12-13 14:06:00,704 - [INFO] - root - (zaebov_net.py).zaebovnet_pars(42) - Рабатаю с набором мемов - Подборка смешных записей в дневниках и тетрадях (28 фото) 09.02.2015
2022-12-13 14:06:01,143 - [INFO] - root - (zaebov_net.py).zaebovnet_pars(42) - Рабатаю с набором мемов - Подборка самых смешных записок и объяснительных (35 фото) 09.02.2015
2022-12-13 14:06:01,566 - [INFO] - root - (zaebov_net.py).zaebovnet_pars(42) - Рабатаю с набором мемов - Яблочко от яблоньки..(30 фото) 07.02.2015
2022-12-13 14:06:02,006 - [INFO] - root - (zaebov_net.py).zaebovnet_pars(42) - Рабатаю с набором мемов - Отжабьте мое фото , пажалста..(18 фото) 07.02.2015
2022-12-13 14:06:02,464 - [INFO] - root - (zaebov_net.py).zaebovnet_pars(42) - Рабатаю с набором мемов - Фотожаба на всех подряд! (30 фото) 07.02.2015
2022-12-13 14:06:02,901 - [INFO] - root - (zaebov_net.py).zaebovnet_pars(42) - Рабатаю с набором мемов - И опять мы про котов (31 фото) 07.02.2015
2022-12-13 14:06:03,317 - [INFO] - root - (zaebov_net.py).zaebovnet_pars(42) - Рабатаю с набором мемов - Смешные кошки и их хозяева (32 фото) 06.02.2015
2022-12-13 14:06:03,748 - [INFO] - root - (zaebov_net.py).zaebovnet_pars(42) - Рабатаю с набором мемов - Подборка остроумных юмористических картинок (14 фото) 06.02.2015
2022-12-13 14:06:04,189 - [INFO] - root - (zaebov_net.py).zaebovnet_pars(42) - Рабатаю с набором мемов - Находчивость наша не знает границ! (44 фото) 06.02.2015
2022-12-13 14:06:04,635 - [INFO] - root - (zaebov_net.py).zaebovnet_pars(29) - Рабатаю со страницей - 24
2022-12-13 14:06:05,145 - [INFO] - root - (zaebov_net.py).zaebovnet_pars(42) - Рабатаю с набором мемов - Смешные названия населенных пунктов (23 фото) 06.02.2015
2022-12-13 14:06:05,573 - [INFO] - root - (zaebov_net.py).zaebovnet_pars(42) - Рабатаю с набором мемов - 30 Котов - ниндзя!!! (30 фото) 06.02.2015
2022-12-13 14:06:06,015 - [INFO] - root - (zaebov_net.py).zaebovnet_pars(42) - Рабатаю с набором мемов - Подборка смешных фото приколов "Показалось"(31 фото) 04.02.2015
2022-12-13 14:06:06,457 - [INFO] - root - (zaebov_net.py).zaebovnet_pars(42) - Рабатаю с набором мемов - Фото детей с собаками (27 фото) 04.02.2015
2022-12-13 14:06:06,898 - [INFO] - root - (zaebov_net.py).zaebovnet_pars(42) - Рабатаю с набором мемов - Русские будни  (35 фото) 04.02.2015
2022-12-13 14:06:07,343 - [INFO] - root - (zaebov_net.py).zaebovnet_pars(42) - Рабатаю с набором мемов - Смешные фотографий  (22 фото) 02.02.2015
2022-12-13 14:06:07,788 - [INFO] - root - (zaebov_net.py).zaebovnet_pars(42) - Рабатаю с набором мемов - Фотожабы (23 фото) 02.02.2015
2022-12-13 14:06:08,252 - [INFO] - root - (zaebov_net.py).zaebovnet_pars(42) - Рабатаю с набором мемов - Подборка смешных фото приколов про девушек на отдыхе (36 фото) 02.02.2015
2022-12-13 14:06:08,691 - [INFO] - root - (zaebov_net.py).zaebovnet_pars(42) - Рабатаю с набором мемов - Приколы Русская душа в картинках (31 фото) 01.02.2015
2022-12-13 14:06:09,121 - [INFO] - root - (zaebov_net.py).zaebovnet_pars(42) - Рабатаю с набором мемов - Подборка смешных фото "Следуй за мной" (20 фото) 01.02.2015
2022-12-13 14:06:09,557 - [INFO] - root - (zaebov_net.py).zaebovnet_pars(42) - Рабатаю с набором мемов - Подборка смешных фото приколов про Родину матушку (35 фото) 01.02.2015
2022-12-13 14:06:10,027 - [INFO] - root - (zaebov_net.py).zaebovnet_pars(42) - Рабатаю с набором мемов - Паркуйся правильно! (8 фото) 31.01.2015
2022-12-13 14:06:10,484 - [INFO] - root - (zaebov_net.py).zaebovnet_pars(42) - Рабатаю с набором мемов - Сотрудник явно на своем месте! (10 фото)
2022-12-13 14:06:10,496 - [ERROR] - root - (zaebov_net.py).zaebovnet_pars(61) - Проблеммы с отдельным изображением - 'NoneType' object has no attribute 'get'
2022-12-13 14:06:10,935 - [INFO] - root - (zaebov_net.py).zaebovnet_pars(42) - Рабатаю с набором мемов - Фото приколы Они правда похожи (26 фото)31.01.201
2022-12-13 14:06:11,344 - [INFO] - root - (zaebov_net.py).zaebovnet_pars(42) - Рабатаю с набором мемов - Бабушки рулят! (38 фото) 31.01.2015
2022-12-13 14:06:11,723 - [INFO] - root - (zaebov_net.py).zaebovnet_pars(42) - Рабатаю с набором мемов - История про спасение утки (5 фото) 31.01.2015
2022-12-13 14:06:12,157 - [INFO] - root - (zaebov_net.py).zaebovnet_pars(42) - Рабатаю с набором мемов - Подборка фото "за секунду до..." (29 фото) 31.01.2015
2022-12-13 14:06:12,579 - [INFO] - root - (zaebov_net.py).zaebovnet_pars(42) - Рабатаю с набором мемов - Смешные фото спящих людей (28 фото) 30.01.2015
2022-12-13 14:06:13,002 - [INFO] - root - (zaebov_net.py).zaebovnet_pars(29) - Рабатаю со страницей - 25
2022-12-13 14:06:13,434 - [INFO] - root - (zaebov_net.py).zaebovnet_pars(42) - Рабатаю с набором мемов - Подборка необычных и реалистичных 3D-рисунков
2022-12-13 14:06:13,445 - [ERROR] - root - (zaebov_net.py).zaebovnet_pars(61) - Проблеммы с отдельным изображением - 'NoneType' object has no attribute 'get'
2022-12-13 14:06:13,892 - [INFO] - root - (zaebov_net.py).zaebovnet_pars(42) - Рабатаю с набором мемов - Подборка смешных фото приколов (34 фото) 30.01.2015
2022-12-13 14:06:14,312 - [INFO] - root - (zaebov_net.py).zaebovnet_pars(42) - Рабатаю с набором мемов - Крутые животные (32 фото) 30.01.2015
2022-12-13 14:06:14,830 - [INFO] - root - (zaebov_net.py).zaebovnet_pars(42) - Рабатаю с набором мемов - Необычные приключения пса Руфуса во сне: большая подборка фото
2022-12-13 14:06:14,842 - [ERROR] - root - (zaebov_net.py).zaebovnet_pars(61) - Проблеммы с отдельным изображением - 'NoneType' object has no attribute 'get'
2022-12-13 14:06:15,286 - [INFO] - root - (zaebov_net.py).zaebovnet_pars(42) - Рабатаю с набором мемов - Подборка смешных фото "Мой хозяин идиот!" (32 фото) 29.01.2015
2022-12-13 14:06:15,760 - [INFO] - root - (zaebov_net.py).zaebovnet_pars(42) - Рабатаю с набором мемов - Партия смешных приколов и картинки с комментариями №1
2022-12-13 14:06:15,772 - [ERROR] - root - (zaebov_net.py).zaebovnet_pars(61) - Проблеммы с отдельным изображением - 'NoneType' object has no attribute 'get'
2022-12-13 14:06:16,197 - [INFO] - root - (zaebov_net.py).zaebovnet_pars(42) - Рабатаю с набором мемов - Подборка инетересных шедевров рекламы (34 фото) 26.01.2015
2022-12-13 14:06:16,765 - [INFO] - root - (zaebov_net.py).zaebovnet_pars(42) - Рабатаю с набором мемов - Шутки природы: забавные фото необычных овощей, фруктов и т.д.
2022-12-13 14:06:16,802 - [ERROR] - root - (zaebov_net.py).zaebovnet_pars(61) - Проблеммы с отдельным изображением - 'NoneType' object has no attribute 'get'
2022-12-13 14:06:17,248 - [INFO] - root - (zaebov_net.py).zaebovnet_pars(42) - Рабатаю с набором мемов - Подборка смешных фото приколов про звезд (34 фото) 26.01.2015
2022-12-13 14:06:17,676 - [INFO] - root - (zaebov_net.py).zaebovnet_pars(42) - Рабатаю с набором мемов - Подборка смешных фото приколов про животных (37 фото) 26.01.2015
2022-12-13 14:06:18,135 - [INFO] - root - (zaebov_net.py).zaebovnet_pars(42) - Рабатаю с набором мемов - Гарик потер чудит (45 фото) 26.01.2015
2022-12-13 14:06:18,572 - [INFO] - root - (zaebov_net.py).zaebovnet_pars(42) - Рабатаю с набором мемов - День, когда я освоил фотошоп  (10 фото) 25.01.2015
2022-12-13 14:06:19,008 - [INFO] - root - (zaebov_net.py).zaebovnet_pars(42) - Рабатаю с набором мемов - Подборка смешных фото приколов с комментариями (30 фото)
2022-12-13 14:06:19,023 - [ERROR] - root - (zaebov_net.py).zaebovnet_pars(61) - Проблеммы с отдельным изображением - 'NoneType' object has no attribute 'get'
2022-12-13 14:06:19,432 - [INFO] - root - (zaebov_net.py).zaebovnet_pars(42) - Рабатаю с набором мемов - Подборка смешных объявлений и надписей №1
2022-12-13 14:06:19,445 - [ERROR] - root - (zaebov_net.py).zaebovnet_pars(61) - Проблеммы с отдельным изображением - 'NoneType' object has no attribute 'get'
2022-12-13 14:06:19,886 - [INFO] - root - (zaebov_net.py).zaebovnet_pars(42) - Рабатаю с набором мемов - Подборка смешных фото приколов №1
2022-12-13 14:06:19,899 - [ERROR] - root - (zaebov_net.py).zaebovnet_pars(61) - Проблеммы с отдельным изображением - 'NoneType' object has no attribute 'get'
2022-12-13 14:06:20,328 - [INFO] - root - (zaebov_net.py).zaebovnet_pars(42) - Рабатаю с набором мемов - Подборка смешных фото приколов  (28 фото) 21.01.2015
2022-12-13 14:06:20,825 - [INFO] - root - (zaebov_net.py).zaebovnet_pars(42) - Рабатаю с набором мемов - Подборка смешных фотожаб на Русское кино (20 фото) 21.01.2015
2022-12-13 14:06:21,214 - [INFO] - root - (zaebov_net.py).zaebovnet_pars(42) - Рабатаю с набором мемов - Подборка смешных фотожаб на Медведева  (23 фото) 21.01.2015
2022-12-13 14:06:21,579 - [INFO] - root - (zaebov_net.py).zaebovnet_pars(29) - Рабатаю со страницей - 26
2022-12-13 14:06:21,979 - [INFO] - root - (zaebov_net.py).zaebovnet_pars(42) - Рабатаю с набором мемов - Смешные фотожабы на Боярского (25 фото) 21.01.2015
2022-12-13 14:06:22,383 - [INFO] - root - (zaebov_net.py).zaebovnet_pars(42) - Рабатаю с набором мемов - Подборка смешных фотожаб на Обаму (21 фото) 21.01.2015
2022-12-13 14:06:22,821 - [INFO] - root - (zaebov_net.py).zaebovnet_pars(42) - Рабатаю с набором мемов - Подрорка смешных фото котов (26 фото) 20.01.2015
2022-12-13 14:06:23,261 - [INFO] - root - (zaebov_net.py).zaebovnet_pars(42) - Рабатаю с набором мемов - Подборка смешных русских фото приколов (44 фото) 20.01.2015
2022-12-13 14:06:23,699 - [INFO] - root - (zaebov_net.py).zaebovnet_pars(42) - Рабатаю с набором мемов - Подборка смешных фото приколов Совпадения (19 фото) 19.01.2015
2022-12-13 14:06:24,098 - [INFO] - root - (zaebov_net.py).zaebovnet_pars(42) - Рабатаю с набором мемов - Подборка смешных фото приколов по русски (42 фото) 19.01.2015
2022-12-13 14:06:24,521 - [INFO] - root - (zaebov_net.py).zaebovnet_pars(42) - Рабатаю с набором мемов - Подборка смешных фото приколов с надписями (42 фото) 19.01.2015
2022-12-13 14:06:25,030 - [INFO] - root - (zaebov_net.py).zaebovnet_pars(42) - Рабатаю с набором мемов - Подборка смешных фотошоп приколов (27 фото) 17,01,2015
2022-12-13 14:06:25,593 - [INFO] - root - (zaebov_net.py).zaebovnet_pars(42) - Рабатаю с набором мемов - Подборка смешных фотожаб (19 фото) 17.01.2015
2022-12-13 14:06:26,093 - [INFO] - root - (zaebov_net.py).zaebovnet_pars(42) - Рабатаю с набором мемов - Набор угарных фотоприколов (31 фото) 17,01,2015
2022-12-13 14:06:26,927 - [INFO] - root - (zaebov_net.py).zaebovnet_pars(42) - Рабатаю с набором мемов - Бородатый календарь на 2015 год (12 фото) 15.01.2015
2022-12-13 14:06:27,935 - [INFO] - root - (zaebov_net.py).zaebovnet_pars(42) - Рабатаю с набором мемов - Подборка смешных фото приколов про мировых лидеров(9 фото) 15.01.2015
2022-12-13 14:06:28,419 - [INFO] - root - (zaebov_net.py).zaebovnet_pars(42) - Рабатаю с набором мемов - Подборка на тему показалось №2(29 фото) 15.01.2015
2022-12-13 14:06:28,857 - [INFO] - root - (zaebov_net.py).zaebovnet_pars(42) - Рабатаю с набором мемов - Подборка смешных фото приколов  (35 фото) 15.01.2015
2022-12-13 14:06:29,542 - [INFO] - root - (zaebov_net.py).zaebovnet_pars(42) - Рабатаю с набором мемов - Подборка смешных фото приколов с комментариями (37 фото) 15.01.2015
2022-12-13 14:06:30,127 - [INFO] - root - (zaebov_net.py).zaebovnet_pars(42) - Рабатаю с набором мемов - Подборка смешных фото приколов про Россию (47 фото) 14.01.2015
2022-12-13 14:06:30,573 - [INFO] - root - (zaebov_net.py).zaebovnet_pars(42) - Рабатаю с набором мемов - Подборка смешных фото приколов про Россию№2 (44 фото) 14.01.2015
2022-12-13 14:06:31,077 - [INFO] - root - (zaebov_net.py).zaebovnet_pars(42) - Рабатаю с набором мемов - Подборка смешных фото приколов по русски (30 фото) 14.01.2015
2022-12-13 14:06:31,096 - [INFO] - root - (zaebov_net.py).zaebovnet_pars(76) - В итоговом файле 2689 записей
